<?xml version="1.0" encoding="UTF-8"?>
<testsuite xmlns:xsi="http://www.w3.org/2001/XMLSchema-instance" xsi:noNamespaceSchemaLocation="https://maven.apache.org/surefire/maven-surefire-plugin/xsd/surefire-test-report-3.0.xsd" version="3.0" name="com.example.kafka.KafkaIntegrationTest" time="7.14" tests="2" errors="0" skipped="0" failures="0">
  <properties>
[...]
</properties>
  <testcase name="testNullMessageHandling" classname="com.example.kafka.KafkaIntegrationTest" time="3.075">
    <system-out><![CDATA[
  .   ____          _            __ _ _
 /\\ / ___'_ __ _ _(_)_ __  __ _ \ \ \ \
( ( )\___ | '_ | '_| | '_ \/ _` | \ \ \ \
 \\/  ___)| |_)| | | | | || (_| |  ) ) ) )
  '  |____| .__|_| |_|_| |_\__, | / / / /
 =========|_|==============|___/=/_/_/_/

 :: Spring Boot ::               (v3.3.13)

2025-07-06 19:37:58 - Registered kafka:type=kafka.Log4jController MBean
2025-07-06 19:37:58 - 
2025-07-06 19:37:58 -   ______                  _                                          
2025-07-06 19:37:58 -  |___  /                 | |                                         
2025-07-06 19:37:58 -     / /    ___     ___   | | __   ___    ___   _ __     ___   _ __   
2025-07-06 19:37:58 -    / /    / _ \   / _ \  | |/ /  / _ \  / _ \ | '_ \   / _ \ | '__|
2025-07-06 19:37:58 -   / /__  | (_) | | (_) | |   <  |  __/ |  __/ | |_) | |  __/ | |    
2025-07-06 19:37:58 -  /_____|  \___/   \___/  |_|\_\  \___|  \___| | .__/   \___| |_|
2025-07-06 19:37:58 -                                               | |                     
2025-07-06 19:37:58 -                                               |_|                     
2025-07-06 19:37:58 - 
2025-07-06 19:37:58 - Server environment:zookeeper.version=3.8.4-9316c2a7a97e1666d8f4593f34dd6fc36ecc436c, built on 2024-02-12 22:16 UTC
2025-07-06 19:37:58 - Server environment:host.name=host.docker.internal
2025-07-06 19:37:58 - Server environment:java.version=17.0.12
2025-07-06 19:37:58 - Server environment:java.vendor=Oracle Corporation
2025-07-06 19:37:58 - Server environment:java.home=C:\Program Files\Java\jdk-17
2025-07-06 19:37:58 - Server environment:java.class.path=C:\Users\alex\Desktop\test1\kafka-mock-springboot\target\test-classes;C:\Users\alex\Desktop\test1\kafka-mock-springboot\target\classes;C:\Users\alex\.m2\repository\org\springframework\boot\spring-boot-starter\3.3.13\spring-boot-starter-3.3.13.jar;C:\Users\alex\.m2\repository\org\springframework\boot\spring-boot\3.3.13\spring-boot-3.3.13.jar;C:\Users\alex\.m2\repository\org\springframework\boot\spring-boot-autoconfigure\3.3.13\spring-boot-autoconfigure-3.3.13.jar;C:\Users\alex\.m2\repository\org\springframework\boot\spring-boot-starter-logging\3.3.13\spring-boot-starter-logging-3.3.13.jar;C:\Users\alex\.m2\repository\ch\qos\logback\logback-classic\1.5.18\logback-classic-1.5.18.jar;C:\Users\alex\.m2\repository\org\apache\logging\log4j\log4j-to-slf4j\2.23.1\log4j-to-slf4j-2.23.1.jar;C:\Users\alex\.m2\repository\org\apache\logging\log4j\log4j-api\2.23.1\log4j-api-2.23.1.jar;C:\Users\alex\.m2\repository\org\slf4j\jul-to-slf4j\2.0.17\jul-to-slf4j-2.0.17.jar;C:\Users\alex\.m2\repository\jakarta\annotation\jakarta.annotation-api\2.1.1\jakarta.annotation-api-2.1.1.jar;C:\Users\alex\.m2\repository\org\springframework\spring-core\6.1.21\spring-core-6.1.21.jar;C:\Users\alex\.m2\repository\org\springframework\spring-jcl\6.1.21\spring-jcl-6.1.21.jar;C:\Users\alex\.m2\repository\org\yaml\snakeyaml\2.2\snakeyaml-2.2.jar;C:\Users\alex\.m2\repository\org\springframework\kafka\spring-kafka\3.2.10\spring-kafka-3.2.10.jar;C:\Users\alex\.m2\repository\org\springframework\spring-context\6.1.21\spring-context-6.1.21.jar;C:\Users\alex\.m2\repository\org\springframework\spring-aop\6.1.21\spring-aop-6.1.21.jar;C:\Users\alex\.m2\repository\org\springframework\spring-beans\6.1.21\spring-beans-6.1.21.jar;C:\Users\alex\.m2\repository\org\springframework\spring-expression\6.1.21\spring-expression-6.1.21.jar;C:\Users\alex\.m2\repository\org\springframework\spring-messaging\6.1.21\spring-messaging-6.1.21.jar;C:\Users\alex\.m2\repository\org\springframework\spring-tx\6.1.21\spring-tx-6.1.21.jar;C:\Users\alex\.m2\repository\org\springframework\retry\spring-retry\2.0.12\spring-retry-2.0.12.jar;C:\Users\alex\.m2\repository\org\apache\kafka\kafka-clients\3.7.2\kafka-clients-3.7.2.jar;C:\Users\alex\.m2\repository\com\github\luben\zstd-jni\1.5.6-4\zstd-jni-1.5.6-4.jar;C:\Users\alex\.m2\repository\org\lz4\lz4-java\1.8.0\lz4-java-1.8.0.jar;C:\Users\alex\.m2\repository\org\xerial\snappy\snappy-java\1.1.10.5\snappy-java-1.1.10.5.jar;C:\Users\alex\.m2\repository\org\slf4j\slf4j-api\2.0.17\slf4j-api-2.0.17.jar;C:\Users\alex\.m2\repository\io\micrometer\micrometer-observation\1.13.15\micrometer-observation-1.13.15.jar;C:\Users\alex\.m2\repository\io\micrometer\micrometer-commons\1.13.15\micrometer-commons-1.13.15.jar;C:\Users\alex\.m2\repository\org\springframework\kafka\spring-kafka-test\3.2.10\spring-kafka-test-3.2.10.jar;C:\Users\alex\.m2\repository\org\springframework\spring-test\6.1.21\spring-test-6.1.21.jar;C:\Users\alex\.m2\repository\org\apache\zookeeper\zookeeper\3.8.4\zookeeper-3.8.4.jar;C:\Users\alex\.m2\repository\org\apache\zookeeper\zookeeper-jute\3.8.4\zookeeper-jute-3.8.4.jar;C:\Users\alex\.m2\repository\org\apache\yetus\audience-annotations\0.12.0\audience-annotations-0.12.0.jar;C:\Users\alex\.m2\repository\io\netty\netty-handler\4.1.122.Final\netty-handler-4.1.122.Final.jar;C:\Users\alex\.m2\repository\io\netty\netty-common\4.1.122.Final\netty-common-4.1.122.Final.jar;C:\Users\alex\.m2\repository\io\netty\netty-resolver\4.1.122.Final\netty-resolver-4.1.122.Final.jar;C:\Users\alex\.m2\repository\io\netty\netty-buffer\4.1.122.Final\netty-buffer-4.1.122.Final.jar;C:\Users\alex\.m2\repository\io\netty\netty-transport\4.1.122.Final\netty-transport-4.1.122.Final.jar;C:\Users\alex\.m2\repository\io\netty\netty-transport-native-unix-common\4.1.122.Final\netty-transport-native-unix-common-4.1.122.Final.jar;C:\Users\alex\.m2\repository\io\netty\netty-codec\4.1.122.Final\netty-codec-4.1.122.Final.jar;C:\Users\alex\.m2\repository\io\netty\netty-transport-native-epoll\4.1.122.Final\netty-transport-native-epoll-4.1.122.Final.jar;C:\Users\alex\.m2\repository\io\netty\netty-transport-classes-epoll\4.1.122.Final\netty-transport-classes-epoll-4.1.122.Final.jar;C:\Users\alex\.m2\repository\ch\qos\logback\logback-core\1.5.18\logback-core-1.5.18.jar;C:\Users\alex\.m2\repository\commons-io\commons-io\2.11.0\commons-io-2.11.0.jar;C:\Users\alex\.m2\repository\org\apache\kafka\kafka-clients\3.7.2\kafka-clients-3.7.2-test.jar;C:\Users\alex\.m2\repository\org\apache\kafka\kafka-metadata\3.7.2\kafka-metadata-3.7.2.jar;C:\Users\alex\.m2\repository\org\apache\kafka\kafka-raft\3.7.2\kafka-raft-3.7.2.jar;C:\Users\alex\.m2\repository\com\fasterxml\jackson\datatype\jackson-datatype-jdk8\2.17.3\jackson-datatype-jdk8-2.17.3.jar;C:\Users\alex\.m2\repository\com\yammer\metrics\metrics-core\2.2.0\metrics-core-2.2.0.jar;C:\Users\alex\.m2\repository\org\apache\kafka\kafka-server-common\3.7.2\kafka-server-common-3.7.2.jar;C:\Users\alex\.m2\repository\net\sf\jopt-simple\jopt-simple\5.0.4\jopt-simple-5.0.4.jar;C:\Users\alex\.m2\repository\org\pcollections\pcollections\4.0.1\pcollections-4.0.1.jar;C:\Users\alex\.m2\repository\org\apache\kafka\kafka-server-common\3.7.2\kafka-server-common-3.7.2-test.jar;C:\Users\alex\.m2\repository\org\apache\kafka\kafka-streams-test-utils\3.7.2\kafka-streams-test-utils-3.7.2.jar;C:\Users\alex\.m2\repository\org\apache\kafka\kafka-streams\3.7.2\kafka-streams-3.7.2.jar;C:\Users\alex\.m2\repository\org\rocksdb\rocksdbjni\7.9.2\rocksdbjni-7.9.2.jar;C:\Users\alex\.m2\repository\org\apache\kafka\kafka_2.13\3.7.2\kafka_2.13-3.7.2.jar;C:\Users\alex\.m2\repository\org\scala-lang\scala-library\2.13.12\scala-library-2.13.12.jar;C:\Users\alex\.m2\repository\org\apache\kafka\kafka-group-coordinator\3.7.2\kafka-group-coordinator-3.7.2.jar;C:\Users\alex\.m2\repository\org\apache\kafka\kafka-storage-api\3.7.2\kafka-storage-api-3.7.2.jar;C:\Users\alex\.m2\repository\org\apache\kafka\kafka-tools-api\3.7.2\kafka-tools-api-3.7.2.jar;C:\Users\alex\.m2\repository\org\apache\kafka\kafka-storage\3.7.2\kafka-storage-3.7.2.jar;C:\Users\alex\.m2\repository\com\github\ben-manes\caffeine\caffeine\3.1.8\caffeine-3.1.8.jar;C:\Users\alex\.m2\repository\org\checkerframework\checker-qual\3.37.0\checker-qual-3.37.0.jar;C:\Users\alex\.m2\repository\com\google\errorprone\error_prone_annotations\2.21.1\error_prone_annotations-2.21.1.jar;C:\Users\alex\.m2\repository\org\apache\kafka\kafka-server\3.7.2\kafka-server-3.7.2.jar;C:\Users\alex\.m2\repository\net\sourceforge\argparse4j\argparse4j\0.7.0\argparse4j-0.7.0.jar;C:\Users\alex\.m2\repository\commons-validator\commons-validator\1.7\commons-validator-1.7.jar;C:\Users\alex\.m2\repository\commons-beanutils\commons-beanutils\1.9.4\commons-beanutils-1.9.4.jar;C:\Users\alex\.m2\repository\commons-digester\commons-digester\2.1\commons-digester-2.1.jar;C:\Users\alex\.m2\repository\commons-collections\commons-collections\3.2.2\commons-collections-3.2.2.jar;C:\Users\alex\.m2\repository\com\fasterxml\jackson\module\jackson-module-scala_2.13\2.17.3\jackson-module-scala_2.13-2.17.3.jar;C:\Users\alex\.m2\repository\com\thoughtworks\paranamer\paranamer\2.8\paranamer-2.8.jar;C:\Users\alex\.m2\repository\com\fasterxml\jackson\dataformat\jackson-dataformat-csv\2.17.3\jackson-dataformat-csv-2.17.3.jar;C:\Users\alex\.m2\repository\org\bitbucket\b_c\jose4j\0.9.4\jose4j-0.9.4.jar;C:\Users\alex\.m2\repository\org\scala-lang\modules\scala-collection-compat_2.13\2.10.0\scala-collection-compat_2.13-2.10.0.jar;C:\Users\alex\.m2\repository\org\scala-lang\modules\scala-java8-compat_2.13\1.0.2\scala-java8-compat_2.13-1.0.2.jar;C:\Users\alex\.m2\repository\org\scala-lang\scala-reflect\2.13.12\scala-reflect-2.13.12.jar;C:\Users\alex\.m2\repository\com\typesafe\scala-logging\scala-logging_2.13\3.9.4\scala-logging_2.13-3.9.4.jar;C:\Users\alex\.m2\repository\io\dropwizard\metrics\metrics-core\4.1.12.1\metrics-core-4.1.12.1.jar;C:\Users\alex\.m2\repository\commons-cli\commons-cli\1.4\commons-cli-1.4.jar;C:\Users\alex\.m2\repository\org\apache\kafka\kafka_2.13\3.7.2\kafka_2.13-3.7.2-test.jar;C:\Users\alex\.m2\repository\org\junit\jupiter\junit-jupiter-api\5.10.5\junit-jupiter-api-5.10.5.jar;C:\Users\alex\.m2\repository\org\opentest4j\opentest4j\1.3.0\opentest4j-1.3.0.jar;C:\Users\alex\.m2\repository\org\junit\platform\junit-platform-commons\1.10.5\junit-platform-commons-1.10.5.jar;C:\Users\alex\.m2\repository\org\apiguardian\apiguardian-api\1.1.2\apiguardian-api-1.1.2.jar;C:\Users\alex\.m2\repository\org\junit\platform\junit-platform-launcher\1.10.5\junit-platform-launcher-1.10.5.jar;C:\Users\alex\.m2\repository\org\junit\platform\junit-platform-engine\1.10.5\junit-platform-engine-1.10.5.jar;C:\Users\alex\.m2\repository\org\projectlombok\lombok\1.18.38\lombok-1.18.38.jar;C:\Users\alex\.m2\repository\com\fasterxml\jackson\core\jackson-databind\2.19.0\jackson-databind-2.19.0.jar;C:\Users\alex\.m2\repository\com\fasterxml\jackson\core\jackson-annotations\2.17.3\jackson-annotations-2.17.3.jar;C:\Users\alex\.m2\repository\com\fasterxml\jackson\core\jackson-core\2.17.3\jackson-core-2.17.3.jar;C:\Users\alex\.m2\repository\org\springframework\boot\spring-boot-starter-test\3.3.13\spring-boot-starter-test-3.3.13.jar;C:\Users\alex\.m2\repository\org\springframework\boot\spring-boot-test\3.3.13\spring-boot-test-3.3.13.jar;C:\Users\alex\.m2\repository\org\springframework\boot\spring-boot-test-autoconfigure\3.3.13\spring-boot-test-autoconfigure-3.3.13.jar;C:\Users\alex\.m2\repository\com\jayway\jsonpath\json-path\2.9.0\json-path-2.9.0.jar;C:\Users\alex\.m2\repository\jakarta\xml\bind\jakarta.xml.bind-api\4.0.2\jakarta.xml.bind-api-4.0.2.jar;C:\Users\alex\.m2\repository\jakarta\activation\jakarta.activation-api\2.1.3\jakarta.activation-api-2.1.3.jar;C:\Users\alex\.m2\repository\net\minidev\json-smart\2.5.2\json-smart-2.5.2.jar;C:\Users\alex\.m2\repository\net\minidev\accessors-smart\2.5.2\accessors-smart-2.5.2.jar;C:\Users\alex\.m2\repository\org\ow2\asm\asm\9.7.1\asm-9.7.1.jar;C:\Users\alex\.m2\repository\org\assertj\assertj-core\3.25.3\assertj-core-3.25.3.jar;C:\Users\alex\.m2\repository\net\bytebuddy\byte-buddy\1.14.19\byte-buddy-1.14.19.jar;C:\Users\alex\.m2\repository\org\awaitility\awaitility\4.2.2\awaitility-4.2.2.jar;C:\Users\alex\.m2\repository\org\hamcrest\hamcrest\2.2\hamcrest-2.2.jar;C:\Users\alex\.m2\repository\org\junit\jupiter\junit-jupiter\5.10.5\junit-jupiter-5.10.5.jar;C:\Users\alex\.m2\repository\org\junit\jupiter\junit-jupiter-params\5.10.5\junit-jupiter-params-5.10.5.jar;C:\Users\alex\.m2\repository\org\junit\jupiter\junit-jupiter-engine\5.10.5\junit-jupiter-engine-5.10.5.jar;C:\Users\alex\.m2\repository\org\mockito\mockito-core\5.11.0\mockito-core-5.11.0.jar;C:\Users\alex\.m2\repository\net\bytebuddy\byte-buddy-agent\1.14.19\byte-buddy-agent-1.14.19.jar;C:\Users\alex\.m2\repository\org\objenesis\objenesis\3.3\objenesis-3.3.jar;C:\Users\alex\.m2\repository\org\skyscreamer\jsonassert\1.5.3\jsonassert-1.5.3.jar;C:\Users\alex\.m2\repository\com\vaadin\external\google\android-json\0.0.20131108.vaadin1\android-json-0.0.20131108.vaadin1.jar;C:\Users\alex\.m2\repository\org\xmlunit\xmlunit-core\2.9.1\xmlunit-core-2.9.1.jar;C:\Users\alex\.m2\repository\org\mockito\mockito-junit-jupiter\5.17.0\mockito-junit-jupiter-5.17.0.jar;
2025-07-06 19:37:58 - Server environment:java.library.path=C:\Program Files\Java\jdk-17\bin;C:\WINDOWS\Sun\Java\bin;C:\WINDOWS\system32;C:\WINDOWS;C:\Program Files\Common Files\Oracle\Java\javapath;C:\Windows\system32;C:\Windows;C:\Windows\System32\Wbem;C:\Windows\System32\WindowsPowerShell\v1.0\;C:\Windows\System32\OpenSSH\;C:\Program Files (x86)\NVIDIA Corporation\PhysX\Common;C:\Program Files\NVIDIA Corporation\NVIDIA NvDLISR;C:\Program Files\dotnet\;C:\Users\alex\apache-maven-3.6.3\bin;C:\Program Files\Java\jdk-11.0.16.1\bin\bin;C:\WINDOWS\system32;C:\WINDOWS;C:\WINDOWS\System32\Wbem;C:\WINDOWS\System32\WindowsPowerShell\v1.0\;C:\WINDOWS\System32\OpenSSH\;C:\Program Files\Go\bin;C:\Program Files\Git\cmd;C:\ProgramData\chocolatey\bin;C:\Program Files\Docker\Docker\resources\bin;C:\Program Files\Azure Data Studio\bin;C:\Program Files\nodejs\;C:\Users\alex\AppData\Local\Programs\Python\Python313\Scripts\;C:\Users\alex\AppData\Local\Programs\Python\Python313\;C:\Users\alex\AppData\Local\Microsoft\WindowsApps;C:\Program Files\JetBrains\IntelliJ IDEA Community Edition 2022.3.1\bin;C:\Users\alex\go\bin;C:\Program Files\JetBrains\GoLand 2024.1.1\bin;C:\Program Files\JetBrains\PyCharm 2024.1.4\bin;C:\Users\alex\AppData\Local\JetBrains\Toolbox\scripts;C:\Users\alex\AppData\Local\Programs\Microsoft VS Code\bin;C:\Users\alex\AppData\Local\Microsoft\WindowsApps;C:\Program Files\Azure Data Studio\bin;C:\Users\alex\AppData\Roaming\npm;;.
2025-07-06 19:37:58 - Server environment:java.io.tmpdir=C:\Users\alex\AppData\Local\Temp\
2025-07-06 19:37:58 - Server environment:java.compiler=<NA>
2025-07-06 19:37:58 - Server environment:os.name=Windows 11
2025-07-06 19:37:58 - Server environment:os.arch=amd64
2025-07-06 19:37:58 - Server environment:os.version=10.0
2025-07-06 19:37:58 - Server environment:user.name=alex
2025-07-06 19:37:58 - Server environment:user.home=C:\Users\alex
2025-07-06 19:37:58 - Server environment:user.dir=C:\Users\alex\Desktop\test1\kafka-mock-springboot
2025-07-06 19:37:58 - Server environment:os.memory.free=211MB
2025-07-06 19:37:58 - Server environment:os.memory.max=4024MB
2025-07-06 19:37:58 - Server environment:os.memory.total=252MB
2025-07-06 19:37:58 - zookeeper.enableEagerACLCheck = false
2025-07-06 19:37:58 - zookeeper.digest.enabled = true
2025-07-06 19:37:58 - zookeeper.closeSessionTxn.enabled = true
2025-07-06 19:37:58 - zookeeper.flushDelay = 0 ms
2025-07-06 19:37:58 - zookeeper.maxWriteQueuePollTime = 0 ms
2025-07-06 19:37:58 - zookeeper.maxBatchSize=1000
2025-07-06 19:37:58 - zookeeper.intBufferStartingSizeBytes = 1024
2025-07-06 19:37:58 - zookeeper.snapshot.trust.empty : false
2025-07-06 19:37:58 - Using org.apache.zookeeper.server.watch.WatchManager as watch manager
2025-07-06 19:37:58 - Using org.apache.zookeeper.server.watch.WatchManager as watch manager
2025-07-06 19:37:58 - zookeeper.snapshotSizeFactor = 0.33
2025-07-06 19:37:58 - zookeeper.commitLogCount=500
2025-07-06 19:37:58 - Weighed connection throttling is disabled
2025-07-06 19:37:58 - minSessionTimeout set to 1600 ms
2025-07-06 19:37:58 - maxSessionTimeout set to 16000 ms
2025-07-06 19:37:58 - getData response cache size is initialized with value 400.
2025-07-06 19:37:58 - getChildren response cache size is initialized with value 400.
2025-07-06 19:37:58 - zookeeper.pathStats.slotCapacity = 60
2025-07-06 19:37:58 - zookeeper.pathStats.slotDuration = 15
2025-07-06 19:37:58 - zookeeper.pathStats.maxDepth = 6
2025-07-06 19:37:58 - zookeeper.pathStats.initialDelay = 5
2025-07-06 19:37:58 - zookeeper.pathStats.delay = 5
2025-07-06 19:37:58 - zookeeper.pathStats.enabled = false
2025-07-06 19:37:58 - The max bytes for all large requests are set to 104857600
2025-07-06 19:37:58 - The large request threshold is set to -1
2025-07-06 19:37:58 - zookeeper.enforce.auth.enabled = false
2025-07-06 19:37:58 - zookeeper.enforce.auth.schemes = []
2025-07-06 19:37:58 - Created server with tickTime 800 ms minSessionTimeout 1600 ms maxSessionTimeout 16000 ms clientPortListenBacklog -1 datadir C:\Users\alex\AppData\Local\Temp\kafka-538289185993622133\version-2 snapdir C:\Users\alex\AppData\Local\Temp\kafka-1809139268468907723\version-2
2025-07-06 19:37:58 - maxCnxns is not configured, using default value 0.
2025-07-06 19:37:58 - Configuring NIO connection handler with 10s sessionless connection timeout, 3 selector thread(s), 40 worker threads, and 64 kB direct buffers.
2025-07-06 19:37:58 - binding to port /127.0.0.1:0
2025-07-06 19:37:58 - zookeeper.snapshot.compression.method = CHECKED
2025-07-06 19:37:58 - Snapshotting: 0x0 to C:\Users\alex\AppData\Local\Temp\kafka-1809139268468907723\version-2\snapshot.0
2025-07-06 19:37:58 - Snapshot loaded in 15 ms, highest zxid is 0x0, digest is 1371985504
2025-07-06 19:37:58 - Snapshotting: 0x0 to C:\Users\alex\AppData\Local\Temp\kafka-1809139268468907723\version-2\snapshot.0
2025-07-06 19:37:58 - Snapshot taken in 1 ms
2025-07-06 19:37:58 - PrepRequestProcessor (sid:0) started, reconfigEnabled=false
2025-07-06 19:37:58 - zookeeper.request_throttler.shutdownTimeout = 10000 ms
2025-07-06 19:37:59 - KafkaConfig values: 
	advertised.listeners = null
	alter.config.policy.class.name = null
	alter.log.dirs.replication.quota.window.num = 11
	alter.log.dirs.replication.quota.window.size.seconds = 1
	authorizer.class.name = 
	auto.create.topics.enable = true
	auto.include.jmx.reporter = true
	auto.leader.rebalance.enable = true
	background.threads = 2
	broker.heartbeat.interval.ms = 2000
	broker.id = 0
	broker.id.generation.enable = true
	broker.rack = null
	broker.session.timeout.ms = 9000
	client.quota.callback.class = null
	compression.type = producer
	connection.failed.authentication.delay.ms = 100
	connections.max.idle.ms = 600000
	connections.max.reauth.ms = 0
	control.plane.listener.name = null
	controlled.shutdown.enable = false
	controlled.shutdown.max.retries = 3
	controlled.shutdown.retry.backoff.ms = 100
	controller.listener.names = null
	controller.quorum.append.linger.ms = 25
	controller.quorum.election.backoff.max.ms = 1000
	controller.quorum.election.timeout.ms = 1000
	controller.quorum.fetch.timeout.ms = 2000
	controller.quorum.request.timeout.ms = 2000
	controller.quorum.retry.backoff.ms = 20
	controller.quorum.voters = []
	controller.quota.window.num = 11
	controller.quota.window.size.seconds = 1
	controller.socket.timeout.ms = 1000
	create.topic.policy.class.name = null
	default.replication.factor = 1
	delegation.token.expiry.check.interval.ms = 3600000
	delegation.token.expiry.time.ms = 86400000
	delegation.token.master.key = null
	delegation.token.max.lifetime.ms = 604800000
	delegation.token.secret.key = null
	delete.records.purgatory.purge.interval.requests = 1
	delete.topic.enable = true
	early.start.listeners = null
	eligible.leader.replicas.enable = false
	fetch.max.bytes = 57671680
	fetch.purgatory.purge.interval.requests = 1000
	group.consumer.assignors = [org.apache.kafka.coordinator.group.assignor.UniformAssignor, org.apache.kafka.coordinator.group.assignor.RangeAssignor]
	group.consumer.heartbeat.interval.ms = 5000
	group.consumer.max.heartbeat.interval.ms = 15000
	group.consumer.max.session.timeout.ms = 60000
	group.consumer.max.size = 2147483647
	group.consumer.min.heartbeat.interval.ms = 5000
	group.consumer.min.session.timeout.ms = 45000
	group.consumer.session.timeout.ms = 45000
	group.coordinator.new.enable = false
	group.coordinator.rebalance.protocols = [classic]
	group.coordinator.threads = 1
	group.initial.rebalance.delay.ms = 0
	group.max.session.timeout.ms = 1800000
	group.max.size = 2147483647
	group.min.session.timeout.ms = 6000
	initial.broker.registration.timeout.ms = 60000
	inter.broker.listener.name = null
	inter.broker.protocol.version = 3.7-IV4
	kafka.metrics.polling.interval.secs = 10
	kafka.metrics.reporters = []
	leader.imbalance.check.interval.seconds = 300
	leader.imbalance.per.broker.percentage = 10
	listener.security.protocol.map = PLAINTEXT:PLAINTEXT,SSL:SSL,SASL_PLAINTEXT:SASL_PLAINTEXT,SASL_SSL:SASL_SSL
	listeners = PLAINTEXT://localhost:0
	log.cleaner.backoff.ms = 15000
	log.cleaner.dedupe.buffer.size = 2097152
	log.cleaner.delete.retention.ms = 86400000
	log.cleaner.enable = true
	log.cleaner.io.buffer.load.factor = 0.9
	log.cleaner.io.buffer.size = 524288
	log.cleaner.io.max.bytes.per.second = 1.7976931348623157E308
	log.cleaner.max.compaction.lag.ms = 9223372036854775807
	log.cleaner.min.cleanable.ratio = 0.5
	log.cleaner.min.compaction.lag.ms = 0
	log.cleaner.threads = 1
	log.cleanup.policy = [delete]
	log.dir = C:\Users\alex\AppData\Local\Temp\spring.kafka.a374cca2-abeb-41e2-b5d0-5c9e83f9a35012669769491664428258
	log.dirs = null
	log.flush.interval.messages = 9223372036854775807
	log.flush.interval.ms = null
	log.flush.offset.checkpoint.interval.ms = 60000
	log.flush.scheduler.interval.ms = 9223372036854775807
	log.flush.start.offset.checkpoint.interval.ms = 60000
	log.index.interval.bytes = 4096
	log.index.size.max.bytes = 10485760
	log.local.retention.bytes = -2
	log.local.retention.ms = -2
	log.message.downconversion.enable = true
	log.message.format.version = 3.0-IV1
	log.message.timestamp.after.max.ms = 9223372036854775807
	log.message.timestamp.before.max.ms = 9223372036854775807
	log.message.timestamp.difference.max.ms = 9223372036854775807
	log.message.timestamp.type = CreateTime
	log.preallocate = false
	log.retention.bytes = -1
	log.retention.check.interval.ms = 300000
	log.retention.hours = 168
	log.retention.minutes = null
	log.retention.ms = null
	log.roll.hours = 168
	log.roll.jitter.hours = 0
	log.roll.jitter.ms = null
	log.roll.ms = null
	log.segment.bytes = 1073741824
	log.segment.delete.delay.ms = 1000
	max.connection.creation.rate = 2147483647
	max.connections = 2147483647
	max.connections.per.ip = 2147483647
	max.connections.per.ip.overrides = 
	max.incremental.fetch.session.cache.slots = 1000
	message.max.bytes = 1048588
	metadata.log.dir = null
	metadata.log.max.record.bytes.between.snapshots = 20971520
	metadata.log.max.snapshot.interval.ms = 3600000
	metadata.log.segment.bytes = 1073741824
	metadata.log.segment.min.bytes = 8388608
	metadata.log.segment.ms = 604800000
	metadata.max.idle.interval.ms = 500
	metadata.max.retention.bytes = 104857600
	metadata.max.retention.ms = 604800000
	metric.reporters = []
	metrics.num.samples = 2
	metrics.recording.level = INFO
	metrics.sample.window.ms = 30000
	min.insync.replicas = 1
	node.id = 0
	num.io.threads = 8
	num.network.threads = 2
	num.partitions = 2
	num.recovery.threads.per.data.dir = 1
	num.replica.alter.log.dirs.threads = null
	num.replica.fetchers = 1
	offset.metadata.max.bytes = 4096
	offsets.commit.required.acks = -1
	offsets.commit.timeout.ms = 5000
	offsets.load.buffer.size = 5242880
	offsets.retention.check.interval.ms = 600000
	offsets.retention.minutes = 10080
	offsets.topic.compression.codec = 0
	offsets.topic.num.partitions = 5
	offsets.topic.replication.factor = 1
	offsets.topic.segment.bytes = 104857600
	password.encoder.cipher.algorithm = AES/CBC/PKCS5Padding
	password.encoder.iterations = 4096
	password.encoder.key.length = 128
	password.encoder.keyfactory.algorithm = null
	password.encoder.old.secret = null
	password.encoder.secret = null
	principal.builder.class = class org.apache.kafka.common.security.authenticator.DefaultKafkaPrincipalBuilder
	process.roles = []
	producer.id.expiration.check.interval.ms = 600000
	producer.id.expiration.ms = 86400000
	producer.purgatory.purge.interval.requests = 1000
	queued.max.request.bytes = -1
	queued.max.requests = 500
	quota.window.num = 11
	quota.window.size.seconds = 1
	remote.log.index.file.cache.total.size.bytes = 1073741824
	remote.log.manager.task.interval.ms = 30000
	remote.log.manager.task.retry.backoff.max.ms = 30000
	remote.log.manager.task.retry.backoff.ms = 500
	remote.log.manager.task.retry.jitter = 0.2
	remote.log.manager.thread.pool.size = 10
	remote.log.metadata.custom.metadata.max.bytes = 128
	remote.log.metadata.manager.class.name = org.apache.kafka.server.log.remote.metadata.storage.TopicBasedRemoteLogMetadataManager
	remote.log.metadata.manager.class.path = null
	remote.log.metadata.manager.impl.prefix = rlmm.config.
	remote.log.metadata.manager.listener.name = null
	remote.log.reader.max.pending.tasks = 100
	remote.log.reader.threads = 10
	remote.log.storage.manager.class.name = null
	remote.log.storage.manager.class.path = null
	remote.log.storage.manager.impl.prefix = rsm.config.
	remote.log.storage.system.enable = false
	replica.fetch.backoff.ms = 1000
	replica.fetch.max.bytes = 1048576
	replica.fetch.min.bytes = 1
	replica.fetch.response.max.bytes = 10485760
	replica.fetch.wait.max.ms = 500
	replica.high.watermark.checkpoint.interval.ms = 9223372036854775807
	replica.lag.time.max.ms = 30000
	replica.selector.class = null
	replica.socket.receive.buffer.bytes = 65536
	replica.socket.timeout.ms = 1000
	replication.quota.window.num = 11
	replication.quota.window.size.seconds = 1
	request.timeout.ms = 30000
	reserved.broker.max.id = 1000
	sasl.client.callback.handler.class = null
	sasl.enabled.mechanisms = [GSSAPI]
	sasl.jaas.config = null
	sasl.kerberos.kinit.cmd = /usr/bin/kinit
	sasl.kerberos.min.time.before.relogin = 60000
	sasl.kerberos.principal.to.local.rules = [DEFAULT]
	sasl.kerberos.service.name = null
	sasl.kerberos.ticket.renew.jitter = 0.05
	sasl.kerberos.ticket.renew.window.factor = 0.8
	sasl.login.callback.handler.class = null
	sasl.login.class = null
	sasl.login.connect.timeout.ms = null
	sasl.login.read.timeout.ms = null
	sasl.login.refresh.buffer.seconds = 300
	sasl.login.refresh.min.period.seconds = 60
	sasl.login.refresh.window.factor = 0.8
	sasl.login.refresh.window.jitter = 0.05
	sasl.login.retry.backoff.max.ms = 10000
	sasl.login.retry.backoff.ms = 100
	sasl.mechanism.controller.protocol = GSSAPI
	sasl.mechanism.inter.broker.protocol = GSSAPI
	sasl.oauthbearer.clock.skew.seconds = 30
	sasl.oauthbearer.expected.audience = null
	sasl.oauthbearer.expected.issuer = null
	sasl.oauthbearer.jwks.endpoint.refresh.ms = 3600000
	sasl.oauthbearer.jwks.endpoint.retry.backoff.max.ms = 10000
	sasl.oauthbearer.jwks.endpoint.retry.backoff.ms = 100
	sasl.oauthbearer.jwks.endpoint.url = null
	sasl.oauthbearer.scope.claim.name = scope
	sasl.oauthbearer.sub.claim.name = sub
	sasl.oauthbearer.token.endpoint.url = null
	sasl.server.callback.handler.class = null
	sasl.server.max.receive.size = 524288
	security.inter.broker.protocol = PLAINTEXT
	security.providers = null
	server.max.startup.time.ms = 9223372036854775807
	socket.connection.setup.timeout.max.ms = 30000
	socket.connection.setup.timeout.ms = 10000
	socket.listen.backlog.size = 50
	socket.receive.buffer.bytes = 102400
	socket.request.max.bytes = 104857600
	socket.send.buffer.bytes = 102400
	ssl.allow.dn.changes = false
	ssl.allow.san.changes = false
	ssl.cipher.suites = []
	ssl.client.auth = none
	ssl.enabled.protocols = [TLSv1.2, TLSv1.3]
	ssl.endpoint.identification.algorithm = https
	ssl.engine.factory.class = null
	ssl.key.password = null
	ssl.keymanager.algorithm = SunX509
	ssl.keystore.certificate.chain = null
	ssl.keystore.key = null
	ssl.keystore.location = null
	ssl.keystore.password = null
	ssl.keystore.type = JKS
	ssl.principal.mapping.rules = DEFAULT
	ssl.protocol = TLSv1.3
	ssl.provider = null
	ssl.secure.random.implementation = null
	ssl.trustmanager.algorithm = PKIX
	ssl.truststore.certificates = null
	ssl.truststore.location = null
	ssl.truststore.password = null
	ssl.truststore.type = JKS
	telemetry.max.bytes = 1048576
	transaction.abort.timed.out.transaction.cleanup.interval.ms = 10000
	transaction.max.timeout.ms = 900000
	transaction.partition.verification.enable = true
	transaction.remove.expired.transaction.cleanup.interval.ms = 3600000
	transaction.state.log.load.buffer.size = 5242880
	transaction.state.log.min.isr = 2
	transaction.state.log.num.partitions = 50
	transaction.state.log.replication.factor = 1
	transaction.state.log.segment.bytes = 104857600
	transactional.id.expiration.ms = 604800000
	unclean.leader.election.enable = false
	unstable.api.versions.enable = false
	unstable.metadata.versions.enable = true
	zookeeper.clientCnxnSocket = null
	zookeeper.connect = 127.0.0.1:56647
	zookeeper.connection.timeout.ms = 10000
	zookeeper.max.in.flight.requests = 10
	zookeeper.metadata.migration.enable = false
	zookeeper.metadata.migration.min.batch.size = 200
	zookeeper.session.timeout.ms = 18000
	zookeeper.set.acl = false
	zookeeper.ssl.cipher.suites = null
	zookeeper.ssl.client.enable = false
	zookeeper.ssl.crl.enable = false
	zookeeper.ssl.enabled.protocols = null
	zookeeper.ssl.endpoint.identification.algorithm = HTTPS
	zookeeper.ssl.keystore.location = null
	zookeeper.ssl.keystore.password = null
	zookeeper.ssl.keystore.type = null
	zookeeper.ssl.ocsp.enable = false
	zookeeper.ssl.protocol = TLSv1.2
	zookeeper.ssl.truststore.location = null
	zookeeper.ssl.truststore.password = null
	zookeeper.ssl.truststore.type = null

2025-07-06 19:37:59 - Setting -D jdk.tls.rejectClientInitiatedRenegotiation=true to disable client-initiated TLS renegotiation
2025-07-06 19:37:59 - starting
2025-07-06 19:37:59 - Connecting to zookeeper on 127.0.0.1:56647
2025-07-06 19:37:59 - [ZooKeeperClient Kafka server] Initializing a new session to 127.0.0.1:56647.
2025-07-06 19:37:59 - Client environment:zookeeper.version=3.8.4-9316c2a7a97e1666d8f4593f34dd6fc36ecc436c, built on 2024-02-12 22:16 UTC
2025-07-06 19:37:59 - Client environment:host.name=host.docker.internal
2025-07-06 19:37:59 - Client environment:java.version=17.0.12
2025-07-06 19:37:59 - Client environment:java.vendor=Oracle Corporation
2025-07-06 19:37:59 - Client environment:java.home=C:\Program Files\Java\jdk-17
2025-07-06 19:37:59 - Client environment:java.class.path=C:\Users\alex\Desktop\test1\kafka-mock-springboot\target\test-classes;C:\Users\alex\Desktop\test1\kafka-mock-springboot\target\classes;C:\Users\alex\.m2\repository\org\springframework\boot\spring-boot-starter\3.3.13\spring-boot-starter-3.3.13.jar;C:\Users\alex\.m2\repository\org\springframework\boot\spring-boot\3.3.13\spring-boot-3.3.13.jar;C:\Users\alex\.m2\repository\org\springframework\boot\spring-boot-autoconfigure\3.3.13\spring-boot-autoconfigure-3.3.13.jar;C:\Users\alex\.m2\repository\org\springframework\boot\spring-boot-starter-logging\3.3.13\spring-boot-starter-logging-3.3.13.jar;C:\Users\alex\.m2\repository\ch\qos\logback\logback-classic\1.5.18\logback-classic-1.5.18.jar;C:\Users\alex\.m2\repository\org\apache\logging\log4j\log4j-to-slf4j\2.23.1\log4j-to-slf4j-2.23.1.jar;C:\Users\alex\.m2\repository\org\apache\logging\log4j\log4j-api\2.23.1\log4j-api-2.23.1.jar;C:\Users\alex\.m2\repository\org\slf4j\jul-to-slf4j\2.0.17\jul-to-slf4j-2.0.17.jar;C:\Users\alex\.m2\repository\jakarta\annotation\jakarta.annotation-api\2.1.1\jakarta.annotation-api-2.1.1.jar;C:\Users\alex\.m2\repository\org\springframework\spring-core\6.1.21\spring-core-6.1.21.jar;C:\Users\alex\.m2\repository\org\springframework\spring-jcl\6.1.21\spring-jcl-6.1.21.jar;C:\Users\alex\.m2\repository\org\yaml\snakeyaml\2.2\snakeyaml-2.2.jar;C:\Users\alex\.m2\repository\org\springframework\kafka\spring-kafka\3.2.10\spring-kafka-3.2.10.jar;C:\Users\alex\.m2\repository\org\springframework\spring-context\6.1.21\spring-context-6.1.21.jar;C:\Users\alex\.m2\repository\org\springframework\spring-aop\6.1.21\spring-aop-6.1.21.jar;C:\Users\alex\.m2\repository\org\springframework\spring-beans\6.1.21\spring-beans-6.1.21.jar;C:\Users\alex\.m2\repository\org\springframework\spring-expression\6.1.21\spring-expression-6.1.21.jar;C:\Users\alex\.m2\repository\org\springframework\spring-messaging\6.1.21\spring-messaging-6.1.21.jar;C:\Users\alex\.m2\repository\org\springframework\spring-tx\6.1.21\spring-tx-6.1.21.jar;C:\Users\alex\.m2\repository\org\springframework\retry\spring-retry\2.0.12\spring-retry-2.0.12.jar;C:\Users\alex\.m2\repository\org\apache\kafka\kafka-clients\3.7.2\kafka-clients-3.7.2.jar;C:\Users\alex\.m2\repository\com\github\luben\zstd-jni\1.5.6-4\zstd-jni-1.5.6-4.jar;C:\Users\alex\.m2\repository\org\lz4\lz4-java\1.8.0\lz4-java-1.8.0.jar;C:\Users\alex\.m2\repository\org\xerial\snappy\snappy-java\1.1.10.5\snappy-java-1.1.10.5.jar;C:\Users\alex\.m2\repository\org\slf4j\slf4j-api\2.0.17\slf4j-api-2.0.17.jar;C:\Users\alex\.m2\repository\io\micrometer\micrometer-observation\1.13.15\micrometer-observation-1.13.15.jar;C:\Users\alex\.m2\repository\io\micrometer\micrometer-commons\1.13.15\micrometer-commons-1.13.15.jar;C:\Users\alex\.m2\repository\org\springframework\kafka\spring-kafka-test\3.2.10\spring-kafka-test-3.2.10.jar;C:\Users\alex\.m2\repository\org\springframework\spring-test\6.1.21\spring-test-6.1.21.jar;C:\Users\alex\.m2\repository\org\apache\zookeeper\zookeeper\3.8.4\zookeeper-3.8.4.jar;C:\Users\alex\.m2\repository\org\apache\zookeeper\zookeeper-jute\3.8.4\zookeeper-jute-3.8.4.jar;C:\Users\alex\.m2\repository\org\apache\yetus\audience-annotations\0.12.0\audience-annotations-0.12.0.jar;C:\Users\alex\.m2\repository\io\netty\netty-handler\4.1.122.Final\netty-handler-4.1.122.Final.jar;C:\Users\alex\.m2\repository\io\netty\netty-common\4.1.122.Final\netty-common-4.1.122.Final.jar;C:\Users\alex\.m2\repository\io\netty\netty-resolver\4.1.122.Final\netty-resolver-4.1.122.Final.jar;C:\Users\alex\.m2\repository\io\netty\netty-buffer\4.1.122.Final\netty-buffer-4.1.122.Final.jar;C:\Users\alex\.m2\repository\io\netty\netty-transport\4.1.122.Final\netty-transport-4.1.122.Final.jar;C:\Users\alex\.m2\repository\io\netty\netty-transport-native-unix-common\4.1.122.Final\netty-transport-native-unix-common-4.1.122.Final.jar;C:\Users\alex\.m2\repository\io\netty\netty-codec\4.1.122.Final\netty-codec-4.1.122.Final.jar;C:\Users\alex\.m2\repository\io\netty\netty-transport-native-epoll\4.1.122.Final\netty-transport-native-epoll-4.1.122.Final.jar;C:\Users\alex\.m2\repository\io\netty\netty-transport-classes-epoll\4.1.122.Final\netty-transport-classes-epoll-4.1.122.Final.jar;C:\Users\alex\.m2\repository\ch\qos\logback\logback-core\1.5.18\logback-core-1.5.18.jar;C:\Users\alex\.m2\repository\commons-io\commons-io\2.11.0\commons-io-2.11.0.jar;C:\Users\alex\.m2\repository\org\apache\kafka\kafka-clients\3.7.2\kafka-clients-3.7.2-test.jar;C:\Users\alex\.m2\repository\org\apache\kafka\kafka-metadata\3.7.2\kafka-metadata-3.7.2.jar;C:\Users\alex\.m2\repository\org\apache\kafka\kafka-raft\3.7.2\kafka-raft-3.7.2.jar;C:\Users\alex\.m2\repository\com\fasterxml\jackson\datatype\jackson-datatype-jdk8\2.17.3\jackson-datatype-jdk8-2.17.3.jar;C:\Users\alex\.m2\repository\com\yammer\metrics\metrics-core\2.2.0\metrics-core-2.2.0.jar;C:\Users\alex\.m2\repository\org\apache\kafka\kafka-server-common\3.7.2\kafka-server-common-3.7.2.jar;C:\Users\alex\.m2\repository\net\sf\jopt-simple\jopt-simple\5.0.4\jopt-simple-5.0.4.jar;C:\Users\alex\.m2\repository\org\pcollections\pcollections\4.0.1\pcollections-4.0.1.jar;C:\Users\alex\.m2\repository\org\apache\kafka\kafka-server-common\3.7.2\kafka-server-common-3.7.2-test.jar;C:\Users\alex\.m2\repository\org\apache\kafka\kafka-streams-test-utils\3.7.2\kafka-streams-test-utils-3.7.2.jar;C:\Users\alex\.m2\repository\org\apache\kafka\kafka-streams\3.7.2\kafka-streams-3.7.2.jar;C:\Users\alex\.m2\repository\org\rocksdb\rocksdbjni\7.9.2\rocksdbjni-7.9.2.jar;C:\Users\alex\.m2\repository\org\apache\kafka\kafka_2.13\3.7.2\kafka_2.13-3.7.2.jar;C:\Users\alex\.m2\repository\org\scala-lang\scala-library\2.13.12\scala-library-2.13.12.jar;C:\Users\alex\.m2\repository\org\apache\kafka\kafka-group-coordinator\3.7.2\kafka-group-coordinator-3.7.2.jar;C:\Users\alex\.m2\repository\org\apache\kafka\kafka-storage-api\3.7.2\kafka-storage-api-3.7.2.jar;C:\Users\alex\.m2\repository\org\apache\kafka\kafka-tools-api\3.7.2\kafka-tools-api-3.7.2.jar;C:\Users\alex\.m2\repository\org\apache\kafka\kafka-storage\3.7.2\kafka-storage-3.7.2.jar;C:\Users\alex\.m2\repository\com\github\ben-manes\caffeine\caffeine\3.1.8\caffeine-3.1.8.jar;C:\Users\alex\.m2\repository\org\checkerframework\checker-qual\3.37.0\checker-qual-3.37.0.jar;C:\Users\alex\.m2\repository\com\google\errorprone\error_prone_annotations\2.21.1\error_prone_annotations-2.21.1.jar;C:\Users\alex\.m2\repository\org\apache\kafka\kafka-server\3.7.2\kafka-server-3.7.2.jar;C:\Users\alex\.m2\repository\net\sourceforge\argparse4j\argparse4j\0.7.0\argparse4j-0.7.0.jar;C:\Users\alex\.m2\repository\commons-validator\commons-validator\1.7\commons-validator-1.7.jar;C:\Users\alex\.m2\repository\commons-beanutils\commons-beanutils\1.9.4\commons-beanutils-1.9.4.jar;C:\Users\alex\.m2\repository\commons-digester\commons-digester\2.1\commons-digester-2.1.jar;C:\Users\alex\.m2\repository\commons-collections\commons-collections\3.2.2\commons-collections-3.2.2.jar;C:\Users\alex\.m2\repository\com\fasterxml\jackson\module\jackson-module-scala_2.13\2.17.3\jackson-module-scala_2.13-2.17.3.jar;C:\Users\alex\.m2\repository\com\thoughtworks\paranamer\paranamer\2.8\paranamer-2.8.jar;C:\Users\alex\.m2\repository\com\fasterxml\jackson\dataformat\jackson-dataformat-csv\2.17.3\jackson-dataformat-csv-2.17.3.jar;C:\Users\alex\.m2\repository\org\bitbucket\b_c\jose4j\0.9.4\jose4j-0.9.4.jar;C:\Users\alex\.m2\repository\org\scala-lang\modules\scala-collection-compat_2.13\2.10.0\scala-collection-compat_2.13-2.10.0.jar;C:\Users\alex\.m2\repository\org\scala-lang\modules\scala-java8-compat_2.13\1.0.2\scala-java8-compat_2.13-1.0.2.jar;C:\Users\alex\.m2\repository\org\scala-lang\scala-reflect\2.13.12\scala-reflect-2.13.12.jar;C:\Users\alex\.m2\repository\com\typesafe\scala-logging\scala-logging_2.13\3.9.4\scala-logging_2.13-3.9.4.jar;C:\Users\alex\.m2\repository\io\dropwizard\metrics\metrics-core\4.1.12.1\metrics-core-4.1.12.1.jar;C:\Users\alex\.m2\repository\commons-cli\commons-cli\1.4\commons-cli-1.4.jar;C:\Users\alex\.m2\repository\org\apache\kafka\kafka_2.13\3.7.2\kafka_2.13-3.7.2-test.jar;C:\Users\alex\.m2\repository\org\junit\jupiter\junit-jupiter-api\5.10.5\junit-jupiter-api-5.10.5.jar;C:\Users\alex\.m2\repository\org\opentest4j\opentest4j\1.3.0\opentest4j-1.3.0.jar;C:\Users\alex\.m2\repository\org\junit\platform\junit-platform-commons\1.10.5\junit-platform-commons-1.10.5.jar;C:\Users\alex\.m2\repository\org\apiguardian\apiguardian-api\1.1.2\apiguardian-api-1.1.2.jar;C:\Users\alex\.m2\repository\org\junit\platform\junit-platform-launcher\1.10.5\junit-platform-launcher-1.10.5.jar;C:\Users\alex\.m2\repository\org\junit\platform\junit-platform-engine\1.10.5\junit-platform-engine-1.10.5.jar;C:\Users\alex\.m2\repository\org\projectlombok\lombok\1.18.38\lombok-1.18.38.jar;C:\Users\alex\.m2\repository\com\fasterxml\jackson\core\jackson-databind\2.19.0\jackson-databind-2.19.0.jar;C:\Users\alex\.m2\repository\com\fasterxml\jackson\core\jackson-annotations\2.17.3\jackson-annotations-2.17.3.jar;C:\Users\alex\.m2\repository\com\fasterxml\jackson\core\jackson-core\2.17.3\jackson-core-2.17.3.jar;C:\Users\alex\.m2\repository\org\springframework\boot\spring-boot-starter-test\3.3.13\spring-boot-starter-test-3.3.13.jar;C:\Users\alex\.m2\repository\org\springframework\boot\spring-boot-test\3.3.13\spring-boot-test-3.3.13.jar;C:\Users\alex\.m2\repository\org\springframework\boot\spring-boot-test-autoconfigure\3.3.13\spring-boot-test-autoconfigure-3.3.13.jar;C:\Users\alex\.m2\repository\com\jayway\jsonpath\json-path\2.9.0\json-path-2.9.0.jar;C:\Users\alex\.m2\repository\jakarta\xml\bind\jakarta.xml.bind-api\4.0.2\jakarta.xml.bind-api-4.0.2.jar;C:\Users\alex\.m2\repository\jakarta\activation\jakarta.activation-api\2.1.3\jakarta.activation-api-2.1.3.jar;C:\Users\alex\.m2\repository\net\minidev\json-smart\2.5.2\json-smart-2.5.2.jar;C:\Users\alex\.m2\repository\net\minidev\accessors-smart\2.5.2\accessors-smart-2.5.2.jar;C:\Users\alex\.m2\repository\org\ow2\asm\asm\9.7.1\asm-9.7.1.jar;C:\Users\alex\.m2\repository\org\assertj\assertj-core\3.25.3\assertj-core-3.25.3.jar;C:\Users\alex\.m2\repository\net\bytebuddy\byte-buddy\1.14.19\byte-buddy-1.14.19.jar;C:\Users\alex\.m2\repository\org\awaitility\awaitility\4.2.2\awaitility-4.2.2.jar;C:\Users\alex\.m2\repository\org\hamcrest\hamcrest\2.2\hamcrest-2.2.jar;C:\Users\alex\.m2\repository\org\junit\jupiter\junit-jupiter\5.10.5\junit-jupiter-5.10.5.jar;C:\Users\alex\.m2\repository\org\junit\jupiter\junit-jupiter-params\5.10.5\junit-jupiter-params-5.10.5.jar;C:\Users\alex\.m2\repository\org\junit\jupiter\junit-jupiter-engine\5.10.5\junit-jupiter-engine-5.10.5.jar;C:\Users\alex\.m2\repository\org\mockito\mockito-core\5.11.0\mockito-core-5.11.0.jar;C:\Users\alex\.m2\repository\net\bytebuddy\byte-buddy-agent\1.14.19\byte-buddy-agent-1.14.19.jar;C:\Users\alex\.m2\repository\org\objenesis\objenesis\3.3\objenesis-3.3.jar;C:\Users\alex\.m2\repository\org\skyscreamer\jsonassert\1.5.3\jsonassert-1.5.3.jar;C:\Users\alex\.m2\repository\com\vaadin\external\google\android-json\0.0.20131108.vaadin1\android-json-0.0.20131108.vaadin1.jar;C:\Users\alex\.m2\repository\org\xmlunit\xmlunit-core\2.9.1\xmlunit-core-2.9.1.jar;C:\Users\alex\.m2\repository\org\mockito\mockito-junit-jupiter\5.17.0\mockito-junit-jupiter-5.17.0.jar;
2025-07-06 19:37:59 - Client environment:java.library.path=C:\Program Files\Java\jdk-17\bin;C:\WINDOWS\Sun\Java\bin;C:\WINDOWS\system32;C:\WINDOWS;C:\Program Files\Common Files\Oracle\Java\javapath;C:\Windows\system32;C:\Windows;C:\Windows\System32\Wbem;C:\Windows\System32\WindowsPowerShell\v1.0\;C:\Windows\System32\OpenSSH\;C:\Program Files (x86)\NVIDIA Corporation\PhysX\Common;C:\Program Files\NVIDIA Corporation\NVIDIA NvDLISR;C:\Program Files\dotnet\;C:\Users\alex\apache-maven-3.6.3\bin;C:\Program Files\Java\jdk-11.0.16.1\bin\bin;C:\WINDOWS\system32;C:\WINDOWS;C:\WINDOWS\System32\Wbem;C:\WINDOWS\System32\WindowsPowerShell\v1.0\;C:\WINDOWS\System32\OpenSSH\;C:\Program Files\Go\bin;C:\Program Files\Git\cmd;C:\ProgramData\chocolatey\bin;C:\Program Files\Docker\Docker\resources\bin;C:\Program Files\Azure Data Studio\bin;C:\Program Files\nodejs\;C:\Users\alex\AppData\Local\Programs\Python\Python313\Scripts\;C:\Users\alex\AppData\Local\Programs\Python\Python313\;C:\Users\alex\AppData\Local\Microsoft\WindowsApps;C:\Program Files\JetBrains\IntelliJ IDEA Community Edition 2022.3.1\bin;C:\Users\alex\go\bin;C:\Program Files\JetBrains\GoLand 2024.1.1\bin;C:\Program Files\JetBrains\PyCharm 2024.1.4\bin;C:\Users\alex\AppData\Local\JetBrains\Toolbox\scripts;C:\Users\alex\AppData\Local\Programs\Microsoft VS Code\bin;C:\Users\alex\AppData\Local\Microsoft\WindowsApps;C:\Program Files\Azure Data Studio\bin;C:\Users\alex\AppData\Roaming\npm;;.
2025-07-06 19:37:59 - Client environment:java.io.tmpdir=C:\Users\alex\AppData\Local\Temp\
2025-07-06 19:37:59 - Client environment:java.compiler=<NA>
2025-07-06 19:37:59 - Client environment:os.name=Windows 11
2025-07-06 19:37:59 - Client environment:os.arch=amd64
2025-07-06 19:37:59 - Client environment:os.version=10.0
2025-07-06 19:37:59 - Client environment:user.name=alex
2025-07-06 19:37:59 - Client environment:user.home=C:\Users\alex
2025-07-06 19:37:59 - Client environment:user.dir=C:\Users\alex\Desktop\test1\kafka-mock-springboot
2025-07-06 19:37:59 - Client environment:os.memory.free=26MB
2025-07-06 19:37:59 - Client environment:os.memory.max=4024MB
2025-07-06 19:37:59 - Client environment:os.memory.total=60MB
2025-07-06 19:37:59 - Initiating client connection, connectString=127.0.0.1:56647 sessionTimeout=18000 watcher=kafka.zookeeper.ZooKeeperClient$ZooKeeperClientWatcher$@7636823f
2025-07-06 19:37:59 - jute.maxbuffer value is 4194304 Bytes
2025-07-06 19:37:59 - zookeeper.request.timeout value is 0. feature enabled=false
2025-07-06 19:37:59 - Opening socket connection to server /127.0.0.1:56647.
2025-07-06 19:37:59 - [ZooKeeperClient Kafka server] Waiting until connected.
2025-07-06 19:37:59 - Socket connection established, initiating session, client: /127.0.0.1:56648, server: /127.0.0.1:56647
2025-07-06 19:37:59 - Creating new log file: log.1
2025-07-06 19:37:59 - ZooKeeper audit is disabled.
2025-07-06 19:37:59 - Session establishment complete on server /127.0.0.1:56647, session id = 0x1002cdea0a70000, negotiated timeout = 16000
2025-07-06 19:37:59 - [ZooKeeperClient Kafka server] Connected.
2025-07-06 19:37:59 - Cluster ID = WVmTwz90SWGu1e4CxJ5yog
2025-07-06 19:37:59 - KafkaConfig values: 
	advertised.listeners = null
	alter.config.policy.class.name = null
	alter.log.dirs.replication.quota.window.num = 11
	alter.log.dirs.replication.quota.window.size.seconds = 1
	authorizer.class.name = 
	auto.create.topics.enable = true
	auto.include.jmx.reporter = true
	auto.leader.rebalance.enable = true
	background.threads = 2
	broker.heartbeat.interval.ms = 2000
	broker.id = 0
	broker.id.generation.enable = true
	broker.rack = null
	broker.session.timeout.ms = 9000
	client.quota.callback.class = null
	compression.type = producer
	connection.failed.authentication.delay.ms = 100
	connections.max.idle.ms = 600000
	connections.max.reauth.ms = 0
	control.plane.listener.name = null
	controlled.shutdown.enable = false
	controlled.shutdown.max.retries = 3
	controlled.shutdown.retry.backoff.ms = 100
	controller.listener.names = null
	controller.quorum.append.linger.ms = 25
	controller.quorum.election.backoff.max.ms = 1000
	controller.quorum.election.timeout.ms = 1000
	controller.quorum.fetch.timeout.ms = 2000
	controller.quorum.request.timeout.ms = 2000
	controller.quorum.retry.backoff.ms = 20
	controller.quorum.voters = []
	controller.quota.window.num = 11
	controller.quota.window.size.seconds = 1
	controller.socket.timeout.ms = 1000
	create.topic.policy.class.name = null
	default.replication.factor = 1
	delegation.token.expiry.check.interval.ms = 3600000
	delegation.token.expiry.time.ms = 86400000
	delegation.token.master.key = null
	delegation.token.max.lifetime.ms = 604800000
	delegation.token.secret.key = null
	delete.records.purgatory.purge.interval.requests = 1
	delete.topic.enable = true
	early.start.listeners = null
	eligible.leader.replicas.enable = false
	fetch.max.bytes = 57671680
	fetch.purgatory.purge.interval.requests = 1000
	group.consumer.assignors = [org.apache.kafka.coordinator.group.assignor.UniformAssignor, org.apache.kafka.coordinator.group.assignor.RangeAssignor]
	group.consumer.heartbeat.interval.ms = 5000
	group.consumer.max.heartbeat.interval.ms = 15000
	group.consumer.max.session.timeout.ms = 60000
	group.consumer.max.size = 2147483647
	group.consumer.min.heartbeat.interval.ms = 5000
	group.consumer.min.session.timeout.ms = 45000
	group.consumer.session.timeout.ms = 45000
	group.coordinator.new.enable = false
	group.coordinator.rebalance.protocols = [classic]
	group.coordinator.threads = 1
	group.initial.rebalance.delay.ms = 0
	group.max.session.timeout.ms = 1800000
	group.max.size = 2147483647
	group.min.session.timeout.ms = 6000
	initial.broker.registration.timeout.ms = 60000
	inter.broker.listener.name = null
	inter.broker.protocol.version = 3.7-IV4
	kafka.metrics.polling.interval.secs = 10
	kafka.metrics.reporters = []
	leader.imbalance.check.interval.seconds = 300
	leader.imbalance.per.broker.percentage = 10
	listener.security.protocol.map = PLAINTEXT:PLAINTEXT,SSL:SSL,SASL_PLAINTEXT:SASL_PLAINTEXT,SASL_SSL:SASL_SSL
	listeners = PLAINTEXT://localhost:0
	log.cleaner.backoff.ms = 15000
	log.cleaner.dedupe.buffer.size = 2097152
	log.cleaner.delete.retention.ms = 86400000
	log.cleaner.enable = true
	log.cleaner.io.buffer.load.factor = 0.9
	log.cleaner.io.buffer.size = 524288
	log.cleaner.io.max.bytes.per.second = 1.7976931348623157E308
	log.cleaner.max.compaction.lag.ms = 9223372036854775807
	log.cleaner.min.cleanable.ratio = 0.5
	log.cleaner.min.compaction.lag.ms = 0
	log.cleaner.threads = 1
	log.cleanup.policy = [delete]
	log.dir = C:\Users\alex\AppData\Local\Temp\spring.kafka.a374cca2-abeb-41e2-b5d0-5c9e83f9a35012669769491664428258
	log.dirs = null
	log.flush.interval.messages = 9223372036854775807
	log.flush.interval.ms = null
	log.flush.offset.checkpoint.interval.ms = 60000
	log.flush.scheduler.interval.ms = 9223372036854775807
	log.flush.start.offset.checkpoint.interval.ms = 60000
	log.index.interval.bytes = 4096
	log.index.size.max.bytes = 10485760
	log.local.retention.bytes = -2
	log.local.retention.ms = -2
	log.message.downconversion.enable = true
	log.message.format.version = 3.0-IV1
	log.message.timestamp.after.max.ms = 9223372036854775807
	log.message.timestamp.before.max.ms = 9223372036854775807
	log.message.timestamp.difference.max.ms = 9223372036854775807
	log.message.timestamp.type = CreateTime
	log.preallocate = false
	log.retention.bytes = -1
	log.retention.check.interval.ms = 300000
	log.retention.hours = 168
	log.retention.minutes = null
	log.retention.ms = null
	log.roll.hours = 168
	log.roll.jitter.hours = 0
	log.roll.jitter.ms = null
	log.roll.ms = null
	log.segment.bytes = 1073741824
	log.segment.delete.delay.ms = 1000
	max.connection.creation.rate = 2147483647
	max.connections = 2147483647
	max.connections.per.ip = 2147483647
	max.connections.per.ip.overrides = 
	max.incremental.fetch.session.cache.slots = 1000
	message.max.bytes = 1048588
	metadata.log.dir = null
	metadata.log.max.record.bytes.between.snapshots = 20971520
	metadata.log.max.snapshot.interval.ms = 3600000
	metadata.log.segment.bytes = 1073741824
	metadata.log.segment.min.bytes = 8388608
	metadata.log.segment.ms = 604800000
	metadata.max.idle.interval.ms = 500
	metadata.max.retention.bytes = 104857600
	metadata.max.retention.ms = 604800000
	metric.reporters = []
	metrics.num.samples = 2
	metrics.recording.level = INFO
	metrics.sample.window.ms = 30000
	min.insync.replicas = 1
	node.id = 0
	num.io.threads = 8
	num.network.threads = 2
	num.partitions = 2
	num.recovery.threads.per.data.dir = 1
	num.replica.alter.log.dirs.threads = null
	num.replica.fetchers = 1
	offset.metadata.max.bytes = 4096
	offsets.commit.required.acks = -1
	offsets.commit.timeout.ms = 5000
	offsets.load.buffer.size = 5242880
	offsets.retention.check.interval.ms = 600000
	offsets.retention.minutes = 10080
	offsets.topic.compression.codec = 0
	offsets.topic.num.partitions = 5
	offsets.topic.replication.factor = 1
	offsets.topic.segment.bytes = 104857600
	password.encoder.cipher.algorithm = AES/CBC/PKCS5Padding
	password.encoder.iterations = 4096
	password.encoder.key.length = 128
	password.encoder.keyfactory.algorithm = null
	password.encoder.old.secret = null
	password.encoder.secret = null
	principal.builder.class = class org.apache.kafka.common.security.authenticator.DefaultKafkaPrincipalBuilder
	process.roles = []
	producer.id.expiration.check.interval.ms = 600000
	producer.id.expiration.ms = 86400000
	producer.purgatory.purge.interval.requests = 1000
	queued.max.request.bytes = -1
	queued.max.requests = 500
	quota.window.num = 11
	quota.window.size.seconds = 1
	remote.log.index.file.cache.total.size.bytes = 1073741824
	remote.log.manager.task.interval.ms = 30000
	remote.log.manager.task.retry.backoff.max.ms = 30000
	remote.log.manager.task.retry.backoff.ms = 500
	remote.log.manager.task.retry.jitter = 0.2
	remote.log.manager.thread.pool.size = 10
	remote.log.metadata.custom.metadata.max.bytes = 128
	remote.log.metadata.manager.class.name = org.apache.kafka.server.log.remote.metadata.storage.TopicBasedRemoteLogMetadataManager
	remote.log.metadata.manager.class.path = null
	remote.log.metadata.manager.impl.prefix = rlmm.config.
	remote.log.metadata.manager.listener.name = null
	remote.log.reader.max.pending.tasks = 100
	remote.log.reader.threads = 10
	remote.log.storage.manager.class.name = null
	remote.log.storage.manager.class.path = null
	remote.log.storage.manager.impl.prefix = rsm.config.
	remote.log.storage.system.enable = false
	replica.fetch.backoff.ms = 1000
	replica.fetch.max.bytes = 1048576
	replica.fetch.min.bytes = 1
	replica.fetch.response.max.bytes = 10485760
	replica.fetch.wait.max.ms = 500
	replica.high.watermark.checkpoint.interval.ms = 9223372036854775807
	replica.lag.time.max.ms = 30000
	replica.selector.class = null
	replica.socket.receive.buffer.bytes = 65536
	replica.socket.timeout.ms = 1000
	replication.quota.window.num = 11
	replication.quota.window.size.seconds = 1
	request.timeout.ms = 30000
	reserved.broker.max.id = 1000
	sasl.client.callback.handler.class = null
	sasl.enabled.mechanisms = [GSSAPI]
	sasl.jaas.config = null
	sasl.kerberos.kinit.cmd = /usr/bin/kinit
	sasl.kerberos.min.time.before.relogin = 60000
	sasl.kerberos.principal.to.local.rules = [DEFAULT]
	sasl.kerberos.service.name = null
	sasl.kerberos.ticket.renew.jitter = 0.05
	sasl.kerberos.ticket.renew.window.factor = 0.8
	sasl.login.callback.handler.class = null
	sasl.login.class = null
	sasl.login.connect.timeout.ms = null
	sasl.login.read.timeout.ms = null
	sasl.login.refresh.buffer.seconds = 300
	sasl.login.refresh.min.period.seconds = 60
	sasl.login.refresh.window.factor = 0.8
	sasl.login.refresh.window.jitter = 0.05
	sasl.login.retry.backoff.max.ms = 10000
	sasl.login.retry.backoff.ms = 100
	sasl.mechanism.controller.protocol = GSSAPI
	sasl.mechanism.inter.broker.protocol = GSSAPI
	sasl.oauthbearer.clock.skew.seconds = 30
	sasl.oauthbearer.expected.audience = null
	sasl.oauthbearer.expected.issuer = null
	sasl.oauthbearer.jwks.endpoint.refresh.ms = 3600000
	sasl.oauthbearer.jwks.endpoint.retry.backoff.max.ms = 10000
	sasl.oauthbearer.jwks.endpoint.retry.backoff.ms = 100
	sasl.oauthbearer.jwks.endpoint.url = null
	sasl.oauthbearer.scope.claim.name = scope
	sasl.oauthbearer.sub.claim.name = sub
	sasl.oauthbearer.token.endpoint.url = null
	sasl.server.callback.handler.class = null
	sasl.server.max.receive.size = 524288
	security.inter.broker.protocol = PLAINTEXT
	security.providers = null
	server.max.startup.time.ms = 9223372036854775807
	socket.connection.setup.timeout.max.ms = 30000
	socket.connection.setup.timeout.ms = 10000
	socket.listen.backlog.size = 50
	socket.receive.buffer.bytes = 102400
	socket.request.max.bytes = 104857600
	socket.send.buffer.bytes = 102400
	ssl.allow.dn.changes = false
	ssl.allow.san.changes = false
	ssl.cipher.suites = []
	ssl.client.auth = none
	ssl.enabled.protocols = [TLSv1.2, TLSv1.3]
	ssl.endpoint.identification.algorithm = https
	ssl.engine.factory.class = null
	ssl.key.password = null
	ssl.keymanager.algorithm = SunX509
	ssl.keystore.certificate.chain = null
	ssl.keystore.key = null
	ssl.keystore.location = null
	ssl.keystore.password = null
	ssl.keystore.type = JKS
	ssl.principal.mapping.rules = DEFAULT
	ssl.protocol = TLSv1.3
	ssl.provider = null
	ssl.secure.random.implementation = null
	ssl.trustmanager.algorithm = PKIX
	ssl.truststore.certificates = null
	ssl.truststore.location = null
	ssl.truststore.password = null
	ssl.truststore.type = JKS
	telemetry.max.bytes = 1048576
	transaction.abort.timed.out.transaction.cleanup.interval.ms = 10000
	transaction.max.timeout.ms = 900000
	transaction.partition.verification.enable = true
	transaction.remove.expired.transaction.cleanup.interval.ms = 3600000
	transaction.state.log.load.buffer.size = 5242880
	transaction.state.log.min.isr = 2
	transaction.state.log.num.partitions = 50
	transaction.state.log.replication.factor = 1
	transaction.state.log.segment.bytes = 104857600
	transactional.id.expiration.ms = 604800000
	unclean.leader.election.enable = false
	unstable.api.versions.enable = false
	unstable.metadata.versions.enable = true
	zookeeper.clientCnxnSocket = null
	zookeeper.connect = 127.0.0.1:56647
	zookeeper.connection.timeout.ms = 10000
	zookeeper.max.in.flight.requests = 10
	zookeeper.metadata.migration.enable = false
	zookeeper.metadata.migration.min.batch.size = 200
	zookeeper.session.timeout.ms = 18000
	zookeeper.set.acl = false
	zookeeper.ssl.cipher.suites = null
	zookeeper.ssl.client.enable = false
	zookeeper.ssl.crl.enable = false
	zookeeper.ssl.enabled.protocols = null
	zookeeper.ssl.endpoint.identification.algorithm = HTTPS
	zookeeper.ssl.keystore.location = null
	zookeeper.ssl.keystore.password = null
	zookeeper.ssl.keystore.type = null
	zookeeper.ssl.ocsp.enable = false
	zookeeper.ssl.protocol = TLSv1.2
	zookeeper.ssl.truststore.location = null
	zookeeper.ssl.truststore.password = null
	zookeeper.ssl.truststore.type = null

2025-07-06 19:37:59 - [ThrottledChannelReaper-Fetch]: Starting
2025-07-06 19:37:59 - [ThrottledChannelReaper-Produce]: Starting
2025-07-06 19:37:59 - [ThrottledChannelReaper-Request]: Starting
2025-07-06 19:37:59 - [ThrottledChannelReaper-ControllerMutation]: Starting
2025-07-06 19:37:59 - [KafkaServer id=0] Rewriting C:\Users\alex\AppData\Local\Temp\spring.kafka.a374cca2-abeb-41e2-b5d0-5c9e83f9a35012669769491664428258\meta.properties
2025-07-06 19:37:59 - Loading logs from log dirs ArraySeq(C:\Users\alex\AppData\Local\Temp\spring.kafka.a374cca2-abeb-41e2-b5d0-5c9e83f9a35012669769491664428258)
2025-07-06 19:37:59 - No logs found to be loaded in C:\Users\alex\AppData\Local\Temp\spring.kafka.a374cca2-abeb-41e2-b5d0-5c9e83f9a35012669769491664428258
2025-07-06 19:37:59 - Loaded 0 logs in 11ms
2025-07-06 19:37:59 - Starting log cleanup with a period of 300000 ms.
2025-07-06 19:37:59 - Starting log flusher with a default period of 9223372036854775807 ms.
2025-07-06 19:37:59 - Starting the log cleaner
2025-07-06 19:37:59 - [kafka-log-cleaner-thread-0]: Starting
2025-07-06 19:37:59 - [feature-zk-node-event-process-thread]: Starting
2025-07-06 19:37:59 - Feature ZK node at path: /feature does not exist
2025-07-06 19:37:59 - [zk-broker-0-to-controller-forwarding-channel-manager]: Starting
2025-07-06 19:38:00 - Updated connection-accept-rate max connection creation rate to 2147483647
2025-07-06 19:38:00 - Awaiting socket connections on localhost:56649.
2025-07-06 19:38:00 - Opened wildcard endpoint localhost:56649
2025-07-06 19:38:00 - [SocketServer listenerType=ZK_BROKER, nodeId=0] Created data-plane acceptor and processors for endpoint : ListenerName(PLAINTEXT)
2025-07-06 19:38:00 - [zk-broker-0-to-controller-alter-partition-channel-manager]: Starting
2025-07-06 19:38:00 - [ExpirationReaper-0-Produce]: Starting
2025-07-06 19:38:00 - [ExpirationReaper-0-Fetch]: Starting
2025-07-06 19:38:00 - [ExpirationReaper-0-DeleteRecords]: Starting
2025-07-06 19:38:00 - [ExpirationReaper-0-ElectLeader]: Starting
2025-07-06 19:38:00 - [ExpirationReaper-0-RemoteFetch]: Starting
2025-07-06 19:38:00 - [LogDirFailureHandler]: Starting
2025-07-06 19:38:00 - [AddPartitionsToTxnSenderThread-0]: Starting
2025-07-06 19:38:00 - Creating /brokers/ids/0 (is it secure? false)
2025-07-06 19:38:00 - Stat of the created znode at /brokers/ids/0 is: 25,25,1751827080166,1751827080166,1,0,0,72106928727588864,204,0,25

2025-07-06 19:38:00 - Registered broker 0 at path /brokers/ids/0 with addresses: PLAINTEXT://localhost:56649, czxid (broker epoch): 25
2025-07-06 19:38:00 - [ControllerEventThread controllerId=0] Starting
2025-07-06 19:38:00 - [ExpirationReaper-0-topic]: Starting
2025-07-06 19:38:00 - Successfully created /controller_epoch with initial epoch 0
2025-07-06 19:38:00 - [ExpirationReaper-0-Heartbeat]: Starting
2025-07-06 19:38:00 - [ExpirationReaper-0-Rebalance]: Starting
2025-07-06 19:38:00 - [Controller id=0] 0 successfully elected as the controller. Epoch incremented to 1 and epoch zk version is now 1
2025-07-06 19:38:00 - [Controller id=0] Creating FeatureZNode at path: /feature with contents: FeatureZNode(2,Enabled,Map())
2025-07-06 19:38:00 - Feature ZK node created at path: /feature
2025-07-06 19:38:00 - [GroupCoordinator 0]: Starting up.
2025-07-06 19:38:00 - [GroupCoordinator 0]: Startup complete.
2025-07-06 19:38:00 - [MetadataCache brokerId=0] Updated cache from existing None to latest Features(version=3.7-IV4, finalizedFeatures={}, finalizedFeaturesEpoch=0).
2025-07-06 19:38:00 - [Controller id=0] Registering handlers
2025-07-06 19:38:00 - [Controller id=0] Deleting log dir event notifications
2025-07-06 19:38:00 - [TransactionCoordinator id=0] Starting up.
2025-07-06 19:38:00 - [Controller id=0] Deleting isr change notifications
2025-07-06 19:38:00 - [TxnMarkerSenderThread-0]: Starting
2025-07-06 19:38:00 - [TransactionCoordinator id=0] Startup complete.
2025-07-06 19:38:00 - [Controller id=0] Initializing controller context
2025-07-06 19:38:00 - [Controller id=0] Initialized broker epochs cache: HashMap(0 -> 25)
2025-07-06 19:38:00 - [RequestSendThread controllerId=0] Starting
2025-07-06 19:38:00 - [Controller id=0] Currently active brokers in the cluster: Set(0)
2025-07-06 19:38:00 - [Controller id=0] Currently shutting brokers in the cluster: HashSet()
2025-07-06 19:38:00 - [Controller id=0] Current list of topics in the cluster: HashSet()
2025-07-06 19:38:00 - [Controller id=0] Fetching topic deletions in progress
2025-07-06 19:38:00 - [Controller id=0] List of topics to be deleted: 
2025-07-06 19:38:00 - [Controller id=0] List of topics ineligible for deletion: 
2025-07-06 19:38:00 - [Controller id=0] Initializing topic deletion manager
2025-07-06 19:38:00 - [Topic Deletion Manager 0] Initializing manager with initial deletions: Set(), initial ineligible deletions: HashSet()
2025-07-06 19:38:00 - [Controller id=0] Sending update metadata request
2025-07-06 19:38:00 - [Controller id=0 epoch=1] Sending UpdateMetadata request to brokers HashSet(0) for 0 partitions
2025-07-06 19:38:00 - [ExpirationReaper-0-AlterAcls]: Starting
2025-07-06 19:38:00 - [ReplicaStateMachine controllerId=0] Initializing replica state
2025-07-06 19:38:00 - [ReplicaStateMachine controllerId=0] Triggering online replica state changes
2025-07-06 19:38:00 - [ReplicaStateMachine controllerId=0] Triggering offline replica state changes
2025-07-06 19:38:00 - [PartitionStateMachine controllerId=0] Initializing partition state
2025-07-06 19:38:00 - [PartitionStateMachine controllerId=0] Triggering online partition state changes
2025-07-06 19:38:00 - [RequestSendThread controllerId=0] Controller 0 connected to localhost:56649 (id: 0 rack: null) for sending state change requests
2025-07-06 19:38:00 - [Controller id=0] Ready to serve as the new controller with epoch 1
2025-07-06 19:38:00 - [Controller id=0] Partitions undergoing preferred replica election: 
2025-07-06 19:38:00 - [Controller id=0] Partitions that completed preferred replica election: 
2025-07-06 19:38:00 - [Controller id=0] Skipping preferred replica election for partitions due to topic deletion: 
2025-07-06 19:38:00 - [Controller id=0] Resuming preferred replica election for partitions: 
2025-07-06 19:38:00 - [Controller id=0] Starting replica leader election (PREFERRED) for partitions  triggered by ZkTriggered
2025-07-06 19:38:00 - [/config/changes-event-process-thread]: Starting
2025-07-06 19:38:00 - [Controller id=0] Starting the controller scheduler
2025-07-06 19:38:00 - [SocketServer listenerType=ZK_BROKER, nodeId=0] Enabling request processing.
2025-07-06 19:38:00 - Kafka version: 3.7.2
2025-07-06 19:38:00 - Kafka commitId: 79a8f2b5f44f9d5a
2025-07-06 19:38:00 - Kafka startTimeMs: 1751827080384
2025-07-06 19:38:00 - [KafkaServer id=0] started
2025-07-06 19:38:00 - AdminClientConfig values: 
	auto.include.jmx.reporter = true
	bootstrap.controllers = []
	bootstrap.servers = [127.0.0.1:56649]
	client.dns.lookup = use_all_dns_ips
	client.id = 
	connections.max.idle.ms = 300000
	default.api.timeout.ms = 60000
	enable.metrics.push = true
	metadata.max.age.ms = 300000
	metric.reporters = []
	metrics.num.samples = 2
	metrics.recording.level = INFO
	metrics.sample.window.ms = 30000
	receive.buffer.bytes = 65536
	reconnect.backoff.max.ms = 1000
	reconnect.backoff.ms = 50
	request.timeout.ms = 30000
	retries = 2147483647
	retry.backoff.max.ms = 1000
	retry.backoff.ms = 100
	sasl.client.callback.handler.class = null
	sasl.jaas.config = null
	sasl.kerberos.kinit.cmd = /usr/bin/kinit
	sasl.kerberos.min.time.before.relogin = 60000
	sasl.kerberos.service.name = null
	sasl.kerberos.ticket.renew.jitter = 0.05
	sasl.kerberos.ticket.renew.window.factor = 0.8
	sasl.login.callback.handler.class = null
	sasl.login.class = null
	sasl.login.connect.timeout.ms = null
	sasl.login.read.timeout.ms = null
	sasl.login.refresh.buffer.seconds = 300
	sasl.login.refresh.min.period.seconds = 60
	sasl.login.refresh.window.factor = 0.8
	sasl.login.refresh.window.jitter = 0.05
	sasl.login.retry.backoff.max.ms = 10000
	sasl.login.retry.backoff.ms = 100
	sasl.mechanism = GSSAPI
	sasl.oauthbearer.clock.skew.seconds = 30
	sasl.oauthbearer.expected.audience = null
	sasl.oauthbearer.expected.issuer = null
	sasl.oauthbearer.jwks.endpoint.refresh.ms = 3600000
	sasl.oauthbearer.jwks.endpoint.retry.backoff.max.ms = 10000
	sasl.oauthbearer.jwks.endpoint.retry.backoff.ms = 100
	sasl.oauthbearer.jwks.endpoint.url = null
	sasl.oauthbearer.scope.claim.name = scope
	sasl.oauthbearer.sub.claim.name = sub
	sasl.oauthbearer.token.endpoint.url = null
	security.protocol = PLAINTEXT
	security.providers = null
	send.buffer.bytes = 131072
	socket.connection.setup.timeout.max.ms = 30000
	socket.connection.setup.timeout.ms = 10000
	ssl.cipher.suites = null
	ssl.enabled.protocols = [TLSv1.2, TLSv1.3]
	ssl.endpoint.identification.algorithm = https
	ssl.engine.factory.class = null
	ssl.key.password = null
	ssl.keymanager.algorithm = SunX509
	ssl.keystore.certificate.chain = null
	ssl.keystore.key = null
	ssl.keystore.location = null
	ssl.keystore.password = null
	ssl.keystore.type = JKS
	ssl.protocol = TLSv1.3
	ssl.provider = null
	ssl.secure.random.implementation = null
	ssl.trustmanager.algorithm = PKIX
	ssl.truststore.certificates = null
	ssl.truststore.location = null
	ssl.truststore.password = null
	ssl.truststore.type = JKS

2025-07-06 19:38:00 - Kafka version: 3.7.2
2025-07-06 19:38:00 - Kafka commitId: 79a8f2b5f44f9d5a
2025-07-06 19:38:00 - Kafka startTimeMs: 1751827080417
2025-07-06 19:38:00 - App info kafka.admin.client for adminclient-1 unregistered
2025-07-06 19:38:00 - [AdminClient clientId=adminclient-1] Metadata update failed
org.apache.kafka.common.errors.TimeoutException: Timed out waiting to send the call. Call: fetchMetadata
2025-07-06 19:38:00 - [AdminClient clientId=adminclient-1] Timed out 1 remaining operation(s) during close.
2025-07-06 19:38:00 - Metrics scheduler closed
2025-07-06 19:38:00 - Closing reporter org.apache.kafka.common.metrics.JmxReporter
2025-07-06 19:38:00 - Metrics reporters closed
2025-07-06 19:38:00 - Starting KafkaIntegrationTest using Java 17.0.12 with PID 37740 (started by alex in C:\Users\alex\Desktop\test1\kafka-mock-springboot)
2025-07-06 19:38:00 - Running with Spring Boot v3.3.13, Spring v6.1.21
2025-07-06 19:38:00 - The following 1 profile is active: "test"
2025-07-06 19:38:00 - [zk-broker-0-to-controller-forwarding-channel-manager]: Recorded new ZK controller, from now on will use node localhost:56649 (id: 0 rack: null)
2025-07-06 19:38:00 - [zk-broker-0-to-controller-alter-partition-channel-manager]: Recorded new ZK controller, from now on will use node localhost:56649 (id: 0 rack: null)
2025-07-06 19:38:01 - ConsumerConfig values: 
	allow.auto.create.topics = true
	auto.commit.interval.ms = 5000
	auto.include.jmx.reporter = true
	auto.offset.reset = earliest
	bootstrap.servers = [127.0.0.1:56649]
	check.crcs = true
	client.dns.lookup = use_all_dns_ips
	client.id = consumer-test-group-1
	client.rack = 
	connections.max.idle.ms = 540000
	default.api.timeout.ms = 60000
	enable.auto.commit = false
	enable.metrics.push = true
	exclude.internal.topics = true
	fetch.max.bytes = 52428800
	fetch.max.wait.ms = 500
	fetch.min.bytes = 1
	group.id = test-group
	group.instance.id = null
	group.protocol = classic
	group.remote.assignor = null
	heartbeat.interval.ms = 3000
	interceptor.classes = []
	internal.leave.group.on.close = true
	internal.throw.on.fetch.stable.offset.unsupported = false
	isolation.level = read_uncommitted
	key.deserializer = class org.apache.kafka.common.serialization.StringDeserializer
	max.partition.fetch.bytes = 1048576
	max.poll.interval.ms = 300000
	max.poll.records = 500
	metadata.max.age.ms = 300000
	metric.reporters = []
	metrics.num.samples = 2
	metrics.recording.level = INFO
	metrics.sample.window.ms = 30000
	partition.assignment.strategy = [class org.apache.kafka.clients.consumer.RangeAssignor, class org.apache.kafka.clients.consumer.CooperativeStickyAssignor]
	receive.buffer.bytes = 65536
	reconnect.backoff.max.ms = 1000
	reconnect.backoff.ms = 50
	request.timeout.ms = 30000
	retry.backoff.max.ms = 1000
	retry.backoff.ms = 100
	sasl.client.callback.handler.class = null
	sasl.jaas.config = null
	sasl.kerberos.kinit.cmd = /usr/bin/kinit
	sasl.kerberos.min.time.before.relogin = 60000
	sasl.kerberos.service.name = null
	sasl.kerberos.ticket.renew.jitter = 0.05
	sasl.kerberos.ticket.renew.window.factor = 0.8
	sasl.login.callback.handler.class = null
	sasl.login.class = null
	sasl.login.connect.timeout.ms = null
	sasl.login.read.timeout.ms = null
	sasl.login.refresh.buffer.seconds = 300
	sasl.login.refresh.min.period.seconds = 60
	sasl.login.refresh.window.factor = 0.8
	sasl.login.refresh.window.jitter = 0.05
	sasl.login.retry.backoff.max.ms = 10000
	sasl.login.retry.backoff.ms = 100
	sasl.mechanism = GSSAPI
	sasl.oauthbearer.clock.skew.seconds = 30
	sasl.oauthbearer.expected.audience = null
	sasl.oauthbearer.expected.issuer = null
	sasl.oauthbearer.jwks.endpoint.refresh.ms = 3600000
	sasl.oauthbearer.jwks.endpoint.retry.backoff.max.ms = 10000
	sasl.oauthbearer.jwks.endpoint.retry.backoff.ms = 100
	sasl.oauthbearer.jwks.endpoint.url = null
	sasl.oauthbearer.scope.claim.name = scope
	sasl.oauthbearer.sub.claim.name = sub
	sasl.oauthbearer.token.endpoint.url = null
	security.protocol = PLAINTEXT
	security.providers = null
	send.buffer.bytes = 131072
	session.timeout.ms = 45000
	socket.connection.setup.timeout.max.ms = 30000
	socket.connection.setup.timeout.ms = 10000
	ssl.cipher.suites = null
	ssl.enabled.protocols = [TLSv1.2, TLSv1.3]
	ssl.endpoint.identification.algorithm = https
	ssl.engine.factory.class = null
	ssl.key.password = null
	ssl.keymanager.algorithm = SunX509
	ssl.keystore.certificate.chain = null
	ssl.keystore.key = null
	ssl.keystore.location = null
	ssl.keystore.password = null
	ssl.keystore.type = JKS
	ssl.protocol = TLSv1.3
	ssl.provider = null
	ssl.secure.random.implementation = null
	ssl.trustmanager.algorithm = PKIX
	ssl.truststore.certificates = null
	ssl.truststore.location = null
	ssl.truststore.password = null
	ssl.truststore.type = JKS
	value.deserializer = class org.springframework.kafka.support.serializer.JsonDeserializer

2025-07-06 19:38:01 - initializing Kafka metrics collector
2025-07-06 19:38:01 - Kafka version: 3.7.2
2025-07-06 19:38:01 - Kafka commitId: 79a8f2b5f44f9d5a
2025-07-06 19:38:01 - Kafka startTimeMs: 1751827081420
2025-07-06 19:38:01 - [Consumer clientId=consumer-test-group-1, groupId=test-group] Subscribed to topic(s): receiver
2025-07-06 19:38:01 - ConsumerConfig values: 
	allow.auto.create.topics = true
	auto.commit.interval.ms = 5000
	auto.include.jmx.reporter = true
	auto.offset.reset = earliest
	bootstrap.servers = [127.0.0.1:56649]
	check.crcs = true
	client.dns.lookup = use_all_dns_ips
	client.id = consumer-test-group-2
	client.rack = 
	connections.max.idle.ms = 540000
	default.api.timeout.ms = 60000
	enable.auto.commit = false
	enable.metrics.push = true
	exclude.internal.topics = true
	fetch.max.bytes = 52428800
	fetch.max.wait.ms = 500
	fetch.min.bytes = 1
	group.id = test-group
	group.instance.id = null
	group.protocol = classic
	group.remote.assignor = null
	heartbeat.interval.ms = 3000
	interceptor.classes = []
	internal.leave.group.on.close = true
	internal.throw.on.fetch.stable.offset.unsupported = false
	isolation.level = read_uncommitted
	key.deserializer = class org.apache.kafka.common.serialization.StringDeserializer
	max.partition.fetch.bytes = 1048576
	max.poll.interval.ms = 300000
	max.poll.records = 500
	metadata.max.age.ms = 300000
	metric.reporters = []
	metrics.num.samples = 2
	metrics.recording.level = INFO
	metrics.sample.window.ms = 30000
	partition.assignment.strategy = [class org.apache.kafka.clients.consumer.RangeAssignor, class org.apache.kafka.clients.consumer.CooperativeStickyAssignor]
	receive.buffer.bytes = 65536
	reconnect.backoff.max.ms = 1000
	reconnect.backoff.ms = 50
	request.timeout.ms = 30000
	retry.backoff.max.ms = 1000
	retry.backoff.ms = 100
	sasl.client.callback.handler.class = null
	sasl.jaas.config = null
	sasl.kerberos.kinit.cmd = /usr/bin/kinit
	sasl.kerberos.min.time.before.relogin = 60000
	sasl.kerberos.service.name = null
	sasl.kerberos.ticket.renew.jitter = 0.05
	sasl.kerberos.ticket.renew.window.factor = 0.8
	sasl.login.callback.handler.class = null
	sasl.login.class = null
	sasl.login.connect.timeout.ms = null
	sasl.login.read.timeout.ms = null
	sasl.login.refresh.buffer.seconds = 300
	sasl.login.refresh.min.period.seconds = 60
	sasl.login.refresh.window.factor = 0.8
	sasl.login.refresh.window.jitter = 0.05
	sasl.login.retry.backoff.max.ms = 10000
	sasl.login.retry.backoff.ms = 100
	sasl.mechanism = GSSAPI
	sasl.oauthbearer.clock.skew.seconds = 30
	sasl.oauthbearer.expected.audience = null
	sasl.oauthbearer.expected.issuer = null
	sasl.oauthbearer.jwks.endpoint.refresh.ms = 3600000
	sasl.oauthbearer.jwks.endpoint.retry.backoff.max.ms = 10000
	sasl.oauthbearer.jwks.endpoint.retry.backoff.ms = 100
	sasl.oauthbearer.jwks.endpoint.url = null
	sasl.oauthbearer.scope.claim.name = scope
	sasl.oauthbearer.sub.claim.name = sub
	sasl.oauthbearer.token.endpoint.url = null
	security.protocol = PLAINTEXT
	security.providers = null
	send.buffer.bytes = 131072
	session.timeout.ms = 45000
	socket.connection.setup.timeout.max.ms = 30000
	socket.connection.setup.timeout.ms = 10000
	ssl.cipher.suites = null
	ssl.enabled.protocols = [TLSv1.2, TLSv1.3]
	ssl.endpoint.identification.algorithm = https
	ssl.engine.factory.class = null
	ssl.key.password = null
	ssl.keymanager.algorithm = SunX509
	ssl.keystore.certificate.chain = null
	ssl.keystore.key = null
	ssl.keystore.location = null
	ssl.keystore.password = null
	ssl.keystore.type = JKS
	ssl.protocol = TLSv1.3
	ssl.provider = null
	ssl.secure.random.implementation = null
	ssl.trustmanager.algorithm = PKIX
	ssl.truststore.certificates = null
	ssl.truststore.location = null
	ssl.truststore.password = null
	ssl.truststore.type = JKS
	value.deserializer = class org.springframework.kafka.support.serializer.JsonDeserializer

2025-07-06 19:38:01 - initializing Kafka metrics collector
2025-07-06 19:38:01 - Kafka version: 3.7.2
2025-07-06 19:38:01 - Kafka commitId: 79a8f2b5f44f9d5a
2025-07-06 19:38:01 - Kafka startTimeMs: 1751827081436
2025-07-06 19:38:01 - [Consumer clientId=consumer-test-group-2, groupId=test-group] Subscribed to topic(s): sender
2025-07-06 19:38:01 - Started KafkaIntegrationTest in 2.976 seconds (process running for 3.871)
2025-07-06 19:38:01 - Creating topic receiver with configuration {} and initial partition assignment HashMap(0 -> ArrayBuffer(0), 1 -> ArrayBuffer(0))
2025-07-06 19:38:01 - Creating topic sender with configuration {} and initial partition assignment HashMap(0 -> ArrayBuffer(0), 1 -> ArrayBuffer(0))
2025-07-06 19:38:01 - [Controller id=0] New topics: [Set(receiver, sender)], deleted topics: [HashSet()], new partition replica assignment [Set(TopicIdReplicaAssignment(receiver,Some(GrgOcJ-DRxOqXhtZxOSTgw),Map(receiver-0 -> ReplicaAssignment(replicas=0, addingReplicas=, removingReplicas=), receiver-1 -> ReplicaAssignment(replicas=0, addingReplicas=, removingReplicas=))), TopicIdReplicaAssignment(sender,Some(PAa9g7uXSI-dbmDEcEpo8g),Map(sender-0 -> ReplicaAssignment(replicas=0, addingReplicas=, removingReplicas=), sender-1 -> ReplicaAssignment(replicas=0, addingReplicas=, removingReplicas=))))]
2025-07-06 19:38:01 - Creating topic __consumer_offsets with configuration {compression.type=producer, cleanup.policy=compact, segment.bytes=104857600} and initial partition assignment HashMap(0 -> ArrayBuffer(0), 1 -> ArrayBuffer(0), 2 -> ArrayBuffer(0), 3 -> ArrayBuffer(0), 4 -> ArrayBuffer(0))
2025-07-06 19:38:01 - [Controller id=0] New partition creation callback for receiver-0,receiver-1,sender-0,sender-1
2025-07-06 19:38:01 - [Consumer clientId=consumer-test-group-2, groupId=test-group] Error while fetching metadata with correlation id 2 : {sender=LEADER_NOT_AVAILABLE}
2025-07-06 19:38:01 - [Consumer clientId=consumer-test-group-1, groupId=test-group] Error while fetching metadata with correlation id 2 : {receiver=LEADER_NOT_AVAILABLE}
2025-07-06 19:38:01 - [Consumer clientId=consumer-test-group-2, groupId=test-group] Cluster ID: WVmTwz90SWGu1e4CxJ5yog
2025-07-06 19:38:01 - [Consumer clientId=consumer-test-group-1, groupId=test-group] Cluster ID: WVmTwz90SWGu1e4CxJ5yog
2025-07-06 19:38:01 - [Controller id=0 epoch=1] Changed partition receiver-0 state from NonExistentPartition to NewPartition with assigned replicas 0
2025-07-06 19:38:01 - [Controller id=0 epoch=1] Changed partition receiver-1 state from NonExistentPartition to NewPartition with assigned replicas 0
2025-07-06 19:38:01 - [Controller id=0 epoch=1] Changed partition sender-0 state from NonExistentPartition to NewPartition with assigned replicas 0
2025-07-06 19:38:01 - [Controller id=0 epoch=1] Changed partition sender-1 state from NonExistentPartition to NewPartition with assigned replicas 0
2025-07-06 19:38:01 - [Controller id=0 epoch=1] Sending UpdateMetadata request to brokers HashSet() for 0 partitions
2025-07-06 19:38:01 - [Controller id=0 epoch=1] Sending UpdateMetadata request to brokers HashSet() for 0 partitions
2025-07-06 19:38:01 - [Controller id=0 epoch=1] Changed partition receiver-0 from NewPartition to OnlinePartition with state LeaderAndIsr(leader=0, leaderEpoch=0, isrWithBrokerEpoch=List(BrokerState(brokerId=0, brokerEpoch=-1)), leaderRecoveryState=RECOVERED, partitionEpoch=0)
2025-07-06 19:38:01 - [Controller id=0 epoch=1] Changed partition receiver-1 from NewPartition to OnlinePartition with state LeaderAndIsr(leader=0, leaderEpoch=0, isrWithBrokerEpoch=List(BrokerState(brokerId=0, brokerEpoch=-1)), leaderRecoveryState=RECOVERED, partitionEpoch=0)
2025-07-06 19:38:01 - [Controller id=0 epoch=1] Changed partition sender-0 from NewPartition to OnlinePartition with state LeaderAndIsr(leader=0, leaderEpoch=0, isrWithBrokerEpoch=List(BrokerState(brokerId=0, brokerEpoch=-1)), leaderRecoveryState=RECOVERED, partitionEpoch=0)
2025-07-06 19:38:01 - [Controller id=0 epoch=1] Changed partition sender-1 from NewPartition to OnlinePartition with state LeaderAndIsr(leader=0, leaderEpoch=0, isrWithBrokerEpoch=List(BrokerState(brokerId=0, brokerEpoch=-1)), leaderRecoveryState=RECOVERED, partitionEpoch=0)
2025-07-06 19:38:01 - [Controller id=0 epoch=1] Sending LeaderAndIsr request to broker 0 with 4 become-leader and 0 become-follower partitions
[...]
2025-07-06 19:38:01 - [LogLoader partition=__consumer_offsets-1, dir=C:\Users\alex\AppData\Local\Temp\spring.kafka.a374cca2-abeb-41e2-b5d0-5c9e83f9a35012669769491664428258] Loading producer state till offset 0 with message format version 2
2025-07-06 19:38:01 - Created log for partition __consumer_offsets-1 in C:\Users\alex\AppData\Local\Temp\spring.kafka.a374cca2-abeb-41e2-b5d0-5c9e83f9a35012669769491664428258\__consumer_offsets-1 with properties {cleanup.policy=compact, compression.type="producer", segment.bytes=104857600}
2025-07-06 19:38:01 - [Partition __consumer_offsets-1 broker=0] No checkpointed highwatermark is found for partition __consumer_offsets-1
2025-07-06 19:38:01 - [Partition __consumer_offsets-1 broker=0] Log loaded for partition __consumer_offsets-1 with initial high watermark 0
2025-07-06 19:38:01 - [Broker id=0] Leader __consumer_offsets-1 with topic id Some(ht3-NitSSf-DdZ0PhUOhVQ) starts at leader epoch 0 from offset 0 with partition epoch 0, high watermark 0, ISR [0], adding replicas [] and removing replicas [] . Previous leader None and previous leader epoch was -1.
2025-07-06 19:38:01 - [LogLoader partition=__consumer_offsets-0, dir=C:\Users\alex\AppData\Local\Temp\spring.kafka.a374cca2-abeb-41e2-b5d0-5c9e83f9a35012669769491664428258] Loading producer state till offset 0 with message format version 2
2025-07-06 19:38:01 - Created log for partition __consumer_offsets-0 in C:\Users\alex\AppData\Local\Temp\spring.kafka.a374cca2-abeb-41e2-b5d0-5c9e83f9a35012669769491664428258\__consumer_offsets-0 with properties {cleanup.policy=compact, compression.type="producer", segment.bytes=104857600}
2025-07-06 19:38:01 - [Partition __consumer_offsets-0 broker=0] No checkpointed highwatermark is found for partition __consumer_offsets-0
2025-07-06 19:38:01 - [Partition __consumer_offsets-0 broker=0] Log loaded for partition __consumer_offsets-0 with initial high watermark 0
2025-07-06 19:38:01 - [Broker id=0] Leader __consumer_offsets-0 with topic id Some(ht3-NitSSf-DdZ0PhUOhVQ) starts at leader epoch 0 from offset 0 with partition epoch 0, high watermark 0, ISR [0], adding replicas [] and removing replicas [] . Previous leader None and previous leader epoch was -1.
2025-07-06 19:38:01 - [GroupCoordinator 0]: Elected as the group coordinator for partition 3 in epoch 0
2025-07-06 19:38:01 - [GroupMetadataManager brokerId=0] Scheduling loading of offsets and group metadata from __consumer_offsets-3 for epoch 0
2025-07-06 19:38:01 - [GroupCoordinator 0]: Elected as the group coordinator for partition 2 in epoch 0
2025-07-06 19:38:01 - [GroupMetadataManager brokerId=0] Scheduling loading of offsets and group metadata from __consumer_offsets-2 for epoch 0
2025-07-06 19:38:01 - [GroupCoordinator 0]: Elected as the group coordinator for partition 4 in epoch 0
2025-07-06 19:38:01 - [GroupMetadataManager brokerId=0] Scheduling loading of offsets and group metadata from __consumer_offsets-4 for epoch 0
2025-07-06 19:38:01 - [GroupCoordinator 0]: Elected as the group coordinator for partition 1 in epoch 0
2025-07-06 19:38:01 - [GroupMetadataManager brokerId=0] Scheduling loading of offsets and group metadata from __consumer_offsets-1 for epoch 0
2025-07-06 19:38:01 - [GroupCoordinator 0]: Elected as the group coordinator for partition 0 in epoch 0
2025-07-06 19:38:01 - [GroupMetadataManager brokerId=0] Scheduling loading of offsets and group metadata from __consumer_offsets-0 for epoch 0
2025-07-06 19:38:01 - [Broker id=0] Finished LeaderAndIsr request in 58ms correlationId 3 from controller 0 for 5 partitions
2025-07-06 19:38:01 - [Broker id=0] Add 5 partitions and deleted 0 partitions from metadata cache in response to UpdateMetadata request sent by controller 0 epoch 1 with correlation id 4
2025-07-06 19:38:01 - [GroupMetadataManager brokerId=0] Finished loading offsets and group metadata from __consumer_offsets-3 in 5 milliseconds for epoch 0, of which 1 milliseconds was spent in the scheduler.
2025-07-06 19:38:01 - [GroupMetadataManager brokerId=0] Finished loading offsets and group metadata from __consumer_offsets-2 in 5 milliseconds for epoch 0, of which 5 milliseconds was spent in the scheduler.
2025-07-06 19:38:01 - [GroupMetadataManager brokerId=0] Finished loading offsets and group metadata from __consumer_offsets-4 in 5 milliseconds for epoch 0, of which 5 milliseconds was spent in the scheduler.
2025-07-06 19:38:01 - [GroupMetadataManager brokerId=0] Finished loading offsets and group metadata from __consumer_offsets-1 in 5 milliseconds for epoch 0, of which 5 milliseconds was spent in the scheduler.
2025-07-06 19:38:01 - [GroupMetadataManager brokerId=0] Finished loading offsets and group metadata from __consumer_offsets-0 in 5 milliseconds for epoch 0, of which 5 milliseconds was spent in the scheduler.
2025-07-06 19:38:01 - [Consumer clientId=consumer-test-group-2, groupId=test-group] Discovered group coordinator localhost:56649 (id: 2147483647 rack: null)
2025-07-06 19:38:01 - [Consumer clientId=consumer-test-group-1, groupId=test-group] Discovered group coordinator localhost:56649 (id: 2147483647 rack: null)
2025-07-06 19:38:01 - [Consumer clientId=consumer-test-group-2, groupId=test-group] (Re-)joining group
2025-07-06 19:38:01 - [Consumer clientId=consumer-test-group-1, groupId=test-group] (Re-)joining group
2025-07-06 19:38:01 - [GroupCoordinator 0]: Dynamic member with unknown member id joins group test-group in Empty state. Created a new member id consumer-test-group-2-aee215fe-b5d7-4fa9-8958-03d78aec0865 and request the member to rejoin with this id.
2025-07-06 19:38:01 - [GroupCoordinator 0]: Dynamic member with unknown member id joins group test-group in Empty state. Created a new member id consumer-test-group-1-6ae00f15-a57c-470e-a0a6-4058fa3abf1d and request the member to rejoin with this id.
2025-07-06 19:38:01 - [Consumer clientId=consumer-test-group-1, groupId=test-group] Request joining group due to: need to re-join with the given member-id: consumer-test-group-1-6ae00f15-a57c-470e-a0a6-4058fa3abf1d
2025-07-06 19:38:01 - [Consumer clientId=consumer-test-group-2, groupId=test-group] Request joining group due to: need to re-join with the given member-id: consumer-test-group-2-aee215fe-b5d7-4fa9-8958-03d78aec0865
2025-07-06 19:38:01 - [Consumer clientId=consumer-test-group-2, groupId=test-group] (Re-)joining group
2025-07-06 19:38:01 - [Consumer clientId=consumer-test-group-1, groupId=test-group] (Re-)joining group
2025-07-06 19:38:01 - [GroupCoordinator 0]: Preparing to rebalance group test-group in state PreparingRebalance with old generation 0 (__consumer_offsets-2) (reason: Adding new member consumer-test-group-2-aee215fe-b5d7-4fa9-8958-03d78aec0865 with group instance id None; client reason: need to re-join with the given member-id: consumer-test-group-2-aee215fe-b5d7-4fa9-8958-03d78aec0865)
2025-07-06 19:38:01 - [GroupCoordinator 0]: Stabilized group test-group generation 1 (__consumer_offsets-2) with 2 members
2025-07-06 19:38:01 - [Consumer clientId=consumer-test-group-2, groupId=test-group] Successfully joined group with generation Generation{generationId=1, memberId='consumer-test-group-2-aee215fe-b5d7-4fa9-8958-03d78aec0865', protocol='range'}
2025-07-06 19:38:01 - [Consumer clientId=consumer-test-group-1, groupId=test-group] Successfully joined group with generation Generation{generationId=1, memberId='consumer-test-group-1-6ae00f15-a57c-470e-a0a6-4058fa3abf1d', protocol='range'}
2025-07-06 19:38:01 - [Consumer clientId=consumer-test-group-2, groupId=test-group] Finished assignment for group at generation 1: {consumer-test-group-2-aee215fe-b5d7-4fa9-8958-03d78aec0865=Assignment(partitions=[sender-0, sender-1]), consumer-test-group-1-6ae00f15-a57c-470e-a0a6-4058fa3abf1d=Assignment(partitions=[receiver-0, receiver-1])}
2025-07-06 19:38:01 - [GroupCoordinator 0]: Assignment received from leader consumer-test-group-2-aee215fe-b5d7-4fa9-8958-03d78aec0865 for group test-group for generation 1. The group has 2 members, 0 of which are static.
2025-07-06 19:38:02 - [Consumer clientId=consumer-test-group-1, groupId=test-group] Successfully synced group in generation Generation{generationId=1, memberId='consumer-test-group-1-6ae00f15-a57c-470e-a0a6-4058fa3abf1d', protocol='range'}
2025-07-06 19:38:02 - [Consumer clientId=consumer-test-group-2, groupId=test-group] Successfully synced group in generation Generation{generationId=1, memberId='consumer-test-group-2-aee215fe-b5d7-4fa9-8958-03d78aec0865', protocol='range'}
2025-07-06 19:38:02 - [Consumer clientId=consumer-test-group-2, groupId=test-group] Notifying assignor about the new Assignment(partitions=[sender-0, sender-1])
2025-07-06 19:38:02 - [Consumer clientId=consumer-test-group-1, groupId=test-group] Notifying assignor about the new Assignment(partitions=[receiver-0, receiver-1])
2025-07-06 19:38:02 - [Consumer clientId=consumer-test-group-2, groupId=test-group] Adding newly assigned partitions: sender-0, sender-1
2025-07-06 19:38:02 - [Consumer clientId=consumer-test-group-1, groupId=test-group] Adding newly assigned partitions: receiver-0, receiver-1
2025-07-06 19:38:02 - [Consumer clientId=consumer-test-group-1, groupId=test-group] Found no committed offset for partition receiver-1
2025-07-06 19:38:02 - [Consumer clientId=consumer-test-group-2, groupId=test-group] Found no committed offset for partition sender-1
2025-07-06 19:38:02 - [Consumer clientId=consumer-test-group-1, groupId=test-group] Found no committed offset for partition receiver-0
2025-07-06 19:38:02 - [Consumer clientId=consumer-test-group-2, groupId=test-group] Found no committed offset for partition sender-0
2025-07-06 19:38:02 - [Consumer clientId=consumer-test-group-2, groupId=test-group] Resetting offset for partition sender-1 to position FetchPosition{offset=0, offsetEpoch=Optional.empty, currentLeader=LeaderAndEpoch{leader=Optional[localhost:56649 (id: 0 rack: null)], epoch=0}}.
2025-07-06 19:38:02 - [Consumer clientId=consumer-test-group-1, groupId=test-group] Resetting offset for partition receiver-1 to position FetchPosition{offset=0, offsetEpoch=Optional.empty, currentLeader=LeaderAndEpoch{leader=Optional[localhost:56649 (id: 0 rack: null)], epoch=0}}.
2025-07-06 19:38:02 - [Consumer clientId=consumer-test-group-2, groupId=test-group] Resetting offset for partition sender-0 to position FetchPosition{offset=0, offsetEpoch=Optional.empty, currentLeader=LeaderAndEpoch{leader=Optional[localhost:56649 (id: 0 rack: null)], epoch=0}}.
2025-07-06 19:38:02 - [Consumer clientId=consumer-test-group-1, groupId=test-group] Resetting offset for partition receiver-0 to position FetchPosition{offset=0, offsetEpoch=Optional.empty, currentLeader=LeaderAndEpoch{leader=Optional[localhost:56649 (id: 0 rack: null)], epoch=0}}.
2025-07-06 19:38:02 - test-group: partitions assigned: [receiver-0, receiver-1]
2025-07-06 19:38:02 - test-group: partitions assigned: [sender-0, sender-1]
2025-07-06 19:38:02 - Clearing all received messages and trace IDs
2025-07-06 19:38:02 - ProducerConfig values: 
	acks = -1
	auto.include.jmx.reporter = true
	batch.size = 16384
	bootstrap.servers = [127.0.0.1:56649]
	buffer.memory = 33554432
	client.dns.lookup = use_all_dns_ips
	client.id = producer-1
	compression.type = none
	connections.max.idle.ms = 540000
	delivery.timeout.ms = 120000
	enable.idempotence = true
	enable.metrics.push = true
	interceptor.classes = []
	key.serializer = class org.apache.kafka.common.serialization.StringSerializer
	linger.ms = 0
	max.block.ms = 60000
	max.in.flight.requests.per.connection = 5
	max.request.size = 1048576
	metadata.max.age.ms = 300000
	metadata.max.idle.ms = 300000
	metric.reporters = []
	metrics.num.samples = 2
	metrics.recording.level = INFO
	metrics.sample.window.ms = 30000
	partitioner.adaptive.partitioning.enable = true
	partitioner.availability.timeout.ms = 0
	partitioner.class = null
	partitioner.ignore.keys = false
	receive.buffer.bytes = 32768
	reconnect.backoff.max.ms = 1000
	reconnect.backoff.ms = 50
	request.timeout.ms = 30000
	retries = 2147483647
	retry.backoff.max.ms = 1000
	retry.backoff.ms = 100
	sasl.client.callback.handler.class = null
	sasl.jaas.config = null
	sasl.kerberos.kinit.cmd = /usr/bin/kinit
	sasl.kerberos.min.time.before.relogin = 60000
	sasl.kerberos.service.name = null
	sasl.kerberos.ticket.renew.jitter = 0.05
	sasl.kerberos.ticket.renew.window.factor = 0.8
	sasl.login.callback.handler.class = null
	sasl.login.class = null
	sasl.login.connect.timeout.ms = null
	sasl.login.read.timeout.ms = null
	sasl.login.refresh.buffer.seconds = 300
	sasl.login.refresh.min.period.seconds = 60
	sasl.login.refresh.window.factor = 0.8
	sasl.login.refresh.window.jitter = 0.05
	sasl.login.retry.backoff.max.ms = 10000
	sasl.login.retry.backoff.ms = 100
	sasl.mechanism = GSSAPI
	sasl.oauthbearer.clock.skew.seconds = 30
	sasl.oauthbearer.expected.audience = null
	sasl.oauthbearer.expected.issuer = null
	sasl.oauthbearer.jwks.endpoint.refresh.ms = 3600000
	sasl.oauthbearer.jwks.endpoint.retry.backoff.max.ms = 10000
	sasl.oauthbearer.jwks.endpoint.retry.backoff.ms = 100
	sasl.oauthbearer.jwks.endpoint.url = null
	sasl.oauthbearer.scope.claim.name = scope
	sasl.oauthbearer.sub.claim.name = sub
	sasl.oauthbearer.token.endpoint.url = null
	security.protocol = PLAINTEXT
	security.providers = null
	send.buffer.bytes = 131072
	socket.connection.setup.timeout.max.ms = 30000
	socket.connection.setup.timeout.ms = 10000
	ssl.cipher.suites = null
	ssl.enabled.protocols = [TLSv1.2, TLSv1.3]
	ssl.endpoint.identification.algorithm = https
	ssl.engine.factory.class = null
	ssl.key.password = null
	ssl.keymanager.algorithm = SunX509
	ssl.keystore.certificate.chain = null
	ssl.keystore.key = null
	ssl.keystore.location = null
	ssl.keystore.password = null
	ssl.keystore.type = JKS
	ssl.protocol = TLSv1.3
	ssl.provider = null
	ssl.secure.random.implementation = null
	ssl.trustmanager.algorithm = PKIX
	ssl.truststore.certificates = null
	ssl.truststore.location = null
	ssl.truststore.password = null
	ssl.truststore.type = JKS
	transaction.timeout.ms = 60000
	transactional.id = null
	value.serializer = class org.springframework.kafka.support.serializer.JsonSerializer

2025-07-06 19:38:02 - initializing Kafka metrics collector
2025-07-06 19:38:02 - [Producer clientId=producer-1] Instantiated an idempotent producer.
2025-07-06 19:38:02 - Kafka version: 3.7.2
2025-07-06 19:38:02 - Kafka commitId: 79a8f2b5f44f9d5a
2025-07-06 19:38:02 - Kafka startTimeMs: 1751827082442
2025-07-06 19:38:02 - [Producer clientId=producer-1] Cluster ID: WVmTwz90SWGu1e4CxJ5yog
2025-07-06 19:38:02 - [Controller id=0] Acquired new producerId block ProducerIdsBlock(assignedBrokerId=0, firstProducerId=0, size=1000) by writing to Zk with path version 1
2025-07-06 19:38:02 - [Producer clientId=producer-1] ProducerId set to 0 with epoch 0
2025-07-06 19:38:02 - Unexpected error during message forwarding
java.lang.NullPointerException: Cannot invoke "com.example.kafka.model.Message.getPayload()" because "message" is null
	at com.example.kafka.service.KafkaForwardingService.forward(KafkaForwardingService.java:50)
	at java.base/jdk.internal.reflect.NativeMethodAccessorImpl.invoke0(Native Method)
	at java.base/jdk.internal.reflect.NativeMethodAccessorImpl.invoke(NativeMethodAccessorImpl.java:77)
	at java.base/jdk.internal.reflect.DelegatingMethodAccessorImpl.invoke(DelegatingMethodAccessorImpl.java:43)
	at java.base/java.lang.reflect.Method.invoke(Method.java:568)
	at org.springframework.messaging.handler.invocation.InvocableHandlerMethod.doInvoke(InvocableHandlerMethod.java:169)
	at org.springframework.kafka.listener.adapter.KotlinAwareInvocableHandlerMethod.doInvoke(KotlinAwareInvocableHandlerMethod.java:45)
	at org.springframework.messaging.handler.invocation.InvocableHandlerMethod.invoke(InvocableHandlerMethod.java:119)
	at org.springframework.kafka.listener.adapter.HandlerAdapter.invoke(HandlerAdapter.java:77)
	at org.springframework.kafka.listener.adapter.MessagingMessageListenerAdapter.invokeHandler(MessagingMessageListenerAdapter.java:419)
	at org.springframework.kafka.listener.adapter.MessagingMessageListenerAdapter.invoke(MessagingMessageListenerAdapter.java:383)
	at org.springframework.kafka.listener.adapter.RecordMessagingMessageListenerAdapter.onMessage(RecordMessagingMessageListenerAdapter.java:85)
	at org.springframework.kafka.listener.adapter.RecordMessagingMessageListenerAdapter.onMessage(RecordMessagingMessageListenerAdapter.java:50)
	at org.springframework.kafka.listener.KafkaMessageListenerContainer$ListenerConsumer.doInvokeOnMessage(KafkaMessageListenerContainer.java:2801)
	at org.springframework.kafka.listener.KafkaMessageListenerContainer$ListenerConsumer.invokeOnMessage(KafkaMessageListenerContainer.java:2779)
	at org.springframework.kafka.listener.KafkaMessageListenerContainer$ListenerConsumer.lambda$doInvokeRecordListener$53(KafkaMessageListenerContainer.java:2702)
	at io.micrometer.observation.Observation.observe(Observation.java:565)
	at org.springframework.kafka.listener.KafkaMessageListenerContainer$ListenerConsumer.doInvokeRecordListener(KafkaMessageListenerContainer.java:2700)
	at org.springframework.kafka.listener.KafkaMessageListenerContainer$ListenerConsumer.doInvokeWithRecords(KafkaMessageListenerContainer.java:2542)
	at org.springframework.kafka.listener.KafkaMessageListenerContainer$ListenerConsumer.invokeRecordListener(KafkaMessageListenerContainer.java:2431)
	at org.springframework.kafka.listener.KafkaMessageListenerContainer$ListenerConsumer.invokeListener(KafkaMessageListenerContainer.java:2086)
	at org.springframework.kafka.listener.KafkaMessageListenerContainer$ListenerConsumer.invokeIfHaveRecords(KafkaMessageListenerContainer.java:1462)
	at org.springframework.kafka.listener.KafkaMessageListenerContainer$ListenerConsumer.pollAndInvoke(KafkaMessageListenerContainer.java:1427)
	at org.springframework.kafka.listener.KafkaMessageListenerContainer$ListenerConsumer.run(KafkaMessageListenerContainer.java:1297)
	at java.base/java.util.concurrent.CompletableFuture$AsyncRun.run(CompletableFuture.java:1804)
	at java.base/java.lang.Thread.run(Thread.java:842)
]]></system-out>
    <system-err><![CDATA[Jul 06, 2025 7:37:57 PM org.junit.platform.launcher.core.LauncherConfigurationParameters loadClasspathResource
WARNING: Discovered 2 'junit-platform.properties' configuration files in the classpath; only the first will be used.
Jul 06, 2025 7:37:57 PM org.junit.platform.launcher.core.LauncherConfigurationParameters loadClasspathResource
WARNING: Discovered 2 'junit-platform.properties' configuration files in the classpath; only the first will be used.
Jul 06, 2025 7:37:58 PM org.junit.platform.launcher.core.LauncherConfigurationParameters loadClasspathResource
WARNING: Discovered 2 'junit-platform.properties' configuration files in the classpath; only the first will be used.
]]></system-err>
  </testcase>
  <testcase name="testMessageIsForwardedFromSenderToReceiverWithHeader" classname="com.example.kafka.KafkaIntegrationTest" time="0.117">
    <system-out><![CDATA[2025-07-06 19:38:04 - Clearing all received messages and trace IDs
2025-07-06 19:38:04 - Sending message to topic 'sender' with traceId: a42d7325-63d8-442f-8ddd-a98a8f51266c
2025-07-06 19:38:04 - Successfully sent message to topic 'sender' with traceId: a42d7325-63d8-442f-8ddd-a98a8f51266c at offset: 1
2025-07-06 19:38:04 - Forwarding message with traceId='a42d7325-63d8-442f-8ddd-a98a8f51266c' and payload='Test Payload' from sender to receiver topic
2025-07-06 19:38:04 - Successfully forwarded message with traceId='a42d7325-63d8-442f-8ddd-a98a8f51266c' to receiver topic at offset: 0
2025-07-06 19:38:04 - Received message with traceId from header: a42d7325-63d8-442f-8ddd-a98a8f51266c, payload: 'Test Payload'
]]></system-out>
  </testcase>
</testsuite>